CRITICAL - 2023-11-27 11:24:49 --> Class "App\Models\UserModel" not found
in APPPATH/Controllers/Cinema.php on line 9.
 1 SYSTEMPATH/CodeIgniter.php(942): App\Controllers\Cinema->index()
 2 SYSTEMPATH/CodeIgniter.php(502): CodeIgniter\CodeIgniter->runController(Object(App\Controllers\Cinema))
 3 SYSTEMPATH/CodeIgniter.php(361): CodeIgniter\CodeIgniter->handleRequest(null, Object(Config\Cache), false)
 4 FCPATH/index.php(79): CodeIgniter\CodeIgniter->run()
 5 SYSTEMPATH/Commands/Server/rewrite.php(47): require_once('/Users/ferroyudisthira/Desktop/Semesters/Semester 5/Framework Based Programming/pbkk_quiz2/public/index.php')
CRITICAL - 2023-11-27 11:25:04 --> Class "App\Models\UserModel" not found
in APPPATH/Controllers/Cinema.php on line 9.
 1 SYSTEMPATH/CodeIgniter.php(942): App\Controllers\Cinema->index()
 2 SYSTEMPATH/CodeIgniter.php(502): CodeIgniter\CodeIgniter->runController(Object(App\Controllers\Cinema))
 3 SYSTEMPATH/CodeIgniter.php(361): CodeIgniter\CodeIgniter->handleRequest(null, Object(Config\Cache), false)
 4 FCPATH/index.php(79): CodeIgniter\CodeIgniter->run()
 5 SYSTEMPATH/Commands/Server/rewrite.php(47): require_once('/Users/ferroyudisthira/Desktop/Semesters/Semester 5/Framework Based Programming/pbkk_quiz2/public/index.php')
CRITICAL - 2023-11-27 11:25:06 --> Class "App\Models\UserModel" not found
in APPPATH/Controllers/Cinema.php on line 9.
 1 SYSTEMPATH/CodeIgniter.php(942): App\Controllers\Cinema->index()
 2 SYSTEMPATH/CodeIgniter.php(502): CodeIgniter\CodeIgniter->runController(Object(App\Controllers\Cinema))
 3 SYSTEMPATH/CodeIgniter.php(361): CodeIgniter\CodeIgniter->handleRequest(null, Object(Config\Cache), false)
 4 FCPATH/index.php(79): CodeIgniter\CodeIgniter->run()
 5 SYSTEMPATH/Commands/Server/rewrite.php(47): require_once('/Users/ferroyudisthira/Desktop/Semesters/Semester 5/Framework Based Programming/pbkk_quiz2/public/index.php')
CRITICAL - 2023-11-27 11:25:07 --> Class "App\Models\UserModel" not found
in APPPATH/Controllers/Cinema.php on line 9.
 1 SYSTEMPATH/CodeIgniter.php(942): App\Controllers\Cinema->index()
 2 SYSTEMPATH/CodeIgniter.php(502): CodeIgniter\CodeIgniter->runController(Object(App\Controllers\Cinema))
 3 SYSTEMPATH/CodeIgniter.php(361): CodeIgniter\CodeIgniter->handleRequest(null, Object(Config\Cache), false)
 4 FCPATH/index.php(79): CodeIgniter\CodeIgniter->run()
 5 SYSTEMPATH/Commands/Server/rewrite.php(47): require_once('/Users/ferroyudisthira/Desktop/Semesters/Semester 5/Framework Based Programming/pbkk_quiz2/public/index.php')
CRITICAL - 2023-11-27 11:27:48 --> Class "App\Controllers\UserModel" not found
in APPPATH/Controllers/Cinema.php on line 9.
 1 SYSTEMPATH/CodeIgniter.php(942): App\Controllers\Cinema->index()
 2 SYSTEMPATH/CodeIgniter.php(502): CodeIgniter\CodeIgniter->runController(Object(App\Controllers\Cinema))
 3 SYSTEMPATH/CodeIgniter.php(361): CodeIgniter\CodeIgniter->handleRequest(null, Object(Config\Cache), false)
 4 FCPATH/index.php(79): CodeIgniter\CodeIgniter->run()
 5 SYSTEMPATH/Commands/Server/rewrite.php(47): require_once('/Users/ferroyudisthira/Desktop/Semesters/Semester 5/Framework Based Programming/pbkk_quiz2/public/index.php')
CRITICAL - 2023-11-27 11:27:49 --> Class "App\Controllers\UserModel" not found
in APPPATH/Controllers/Cinema.php on line 9.
 1 SYSTEMPATH/CodeIgniter.php(942): App\Controllers\Cinema->index()
 2 SYSTEMPATH/CodeIgniter.php(502): CodeIgniter\CodeIgniter->runController(Object(App\Controllers\Cinema))
 3 SYSTEMPATH/CodeIgniter.php(361): CodeIgniter\CodeIgniter->handleRequest(null, Object(Config\Cache), false)
 4 FCPATH/index.php(79): CodeIgniter\CodeIgniter->run()
 5 SYSTEMPATH/Commands/Server/rewrite.php(47): require_once('/Users/ferroyudisthira/Desktop/Semesters/Semester 5/Framework Based Programming/pbkk_quiz2/public/index.php')
CRITICAL - 2023-11-27 11:28:15 --> Class "App\Controllers\UserModel" not found
in APPPATH/Controllers/Cinema.php on line 9.
 1 SYSTEMPATH/CodeIgniter.php(942): App\Controllers\Cinema->index()
 2 SYSTEMPATH/CodeIgniter.php(502): CodeIgniter\CodeIgniter->runController(Object(App\Controllers\Cinema))
 3 SYSTEMPATH/CodeIgniter.php(361): CodeIgniter\CodeIgniter->handleRequest(null, Object(Config\Cache), false)
 4 FCPATH/index.php(79): CodeIgniter\CodeIgniter->run()
 5 SYSTEMPATH/Commands/Server/rewrite.php(47): require_once('/Users/ferroyudisthira/Desktop/Semesters/Semester 5/Framework Based Programming/pbkk_quiz2/public/index.php')
CRITICAL - 2023-11-27 11:28:45 --> Class "App\Controllers\ListFilmModelModel" not found
in APPPATH/Controllers/Cinema.php on line 9.
 1 SYSTEMPATH/CodeIgniter.php(942): App\Controllers\Cinema->index()
 2 SYSTEMPATH/CodeIgniter.php(502): CodeIgniter\CodeIgniter->runController(Object(App\Controllers\Cinema))
 3 SYSTEMPATH/CodeIgniter.php(361): CodeIgniter\CodeIgniter->handleRequest(null, Object(Config\Cache), false)
 4 FCPATH/index.php(79): CodeIgniter\CodeIgniter->run()
 5 SYSTEMPATH/Commands/Server/rewrite.php(47): require_once('/Users/ferroyudisthira/Desktop/Semesters/Semester 5/Framework Based Programming/pbkk_quiz2/public/index.php')
CRITICAL - 2023-11-27 11:29:11 --> Undefined variable $userModel
in APPPATH/Controllers/Cinema.php on line 10.
 1 APPPATH/Controllers/Cinema.php(10): CodeIgniter\Debug\Exceptions->errorHandler(2, 'Undefined variable $userModel', '/Users/ferroyudisthira/Desktop/Semesters/Semester 5/Framework Based Programming/pbkk_quiz2/app/Controllers/Cinema.php', 10)
 2 SYSTEMPATH/CodeIgniter.php(942): App\Controllers\Cinema->index()
 3 SYSTEMPATH/CodeIgniter.php(502): CodeIgniter\CodeIgniter->runController(Object(App\Controllers\Cinema))
 4 SYSTEMPATH/CodeIgniter.php(361): CodeIgniter\CodeIgniter->handleRequest(null, Object(Config\Cache), false)
 5 FCPATH/index.php(79): CodeIgniter\CodeIgniter->run()
 6 SYSTEMPATH/Commands/Server/rewrite.php(47): require_once('/Users/ferroyudisthira/Desktop/Semesters/Semester 5/Framework Based Programming/pbkk_quiz2/public/index.php')
CRITICAL - 2023-11-27 11:36:40 --> Undefined variable $imagePath
in APPPATH/Views/homepage.php on line 45.
 1 APPPATH/Views/homepage.php(45): CodeIgniter\Debug\Exceptions->errorHandler(2, 'Undefined variable $imagePath', '/Users/ferroyudisthira/Desktop/Semesters/Semester 5/Framework Based Programming/pbkk_quiz2/app/Views/homepage.php', 45)
 2 SYSTEMPATH/View/View.php(228): include('/Users/ferroyudisthira/Desktop/Semesters/Semester 5/Framework Based Programming/pbkk_quiz2/app/Views/homepage.php')
 3 SYSTEMPATH/View/View.php(231): CodeIgniter\View\View->CodeIgniter\View\{closure}()
 4 SYSTEMPATH/Common.php(1190): CodeIgniter\View\View->render('homepage', [], true)
 5 APPPATH/Controllers/Cinema.php(11): view('homepage', [...])
 6 SYSTEMPATH/CodeIgniter.php(942): App\Controllers\Cinema->index()
 7 SYSTEMPATH/CodeIgniter.php(502): CodeIgniter\CodeIgniter->runController(Object(App\Controllers\Cinema))
 8 SYSTEMPATH/CodeIgniter.php(361): CodeIgniter\CodeIgniter->handleRequest(null, Object(Config\Cache), false)
 9 FCPATH/index.php(79): CodeIgniter\CodeIgniter->run()
10 SYSTEMPATH/Commands/Server/rewrite.php(47): require_once('/Users/ferroyudisthira/Desktop/Semesters/Semester 5/Framework Based Programming/pbkk_quiz2/public/index.php')
CRITICAL - 2023-11-27 11:37:12 --> Undefined array key "image_name"
in APPPATH/Views/homepage.php on line 44.
 1 APPPATH/Views/homepage.php(44): CodeIgniter\Debug\Exceptions->errorHandler(2, 'Undefined array key "image_name"', '/Users/ferroyudisthira/Desktop/Semesters/Semester 5/Framework Based Programming/pbkk_quiz2/app/Views/homepage.php', 44)
 2 SYSTEMPATH/View/View.php(228): include('/Users/ferroyudisthira/Desktop/Semesters/Semester 5/Framework Based Programming/pbkk_quiz2/app/Views/homepage.php')
 3 SYSTEMPATH/View/View.php(231): CodeIgniter\View\View->CodeIgniter\View\{closure}()
 4 SYSTEMPATH/Common.php(1190): CodeIgniter\View\View->render('homepage', [], true)
 5 APPPATH/Controllers/Cinema.php(11): view('homepage', [...])
 6 SYSTEMPATH/CodeIgniter.php(942): App\Controllers\Cinema->index()
 7 SYSTEMPATH/CodeIgniter.php(502): CodeIgniter\CodeIgniter->runController(Object(App\Controllers\Cinema))
 8 SYSTEMPATH/CodeIgniter.php(361): CodeIgniter\CodeIgniter->handleRequest(null, Object(Config\Cache), false)
 9 FCPATH/index.php(79): CodeIgniter\CodeIgniter->run()
10 SYSTEMPATH/Commands/Server/rewrite.php(47): require_once('/Users/ferroyudisthira/Desktop/Semesters/Semester 5/Framework Based Programming/pbkk_quiz2/public/index.php')
CRITICAL - 2023-11-27 11:37:13 --> Undefined array key "image_name"
in APPPATH/Views/homepage.php on line 44.
 1 APPPATH/Views/homepage.php(44): CodeIgniter\Debug\Exceptions->errorHandler(2, 'Undefined array key "image_name"', '/Users/ferroyudisthira/Desktop/Semesters/Semester 5/Framework Based Programming/pbkk_quiz2/app/Views/homepage.php', 44)
 2 SYSTEMPATH/View/View.php(228): include('/Users/ferroyudisthira/Desktop/Semesters/Semester 5/Framework Based Programming/pbkk_quiz2/app/Views/homepage.php')
 3 SYSTEMPATH/View/View.php(231): CodeIgniter\View\View->CodeIgniter\View\{closure}()
 4 SYSTEMPATH/Common.php(1190): CodeIgniter\View\View->render('homepage', [], true)
 5 APPPATH/Controllers/Cinema.php(11): view('homepage', [...])
 6 SYSTEMPATH/CodeIgniter.php(942): App\Controllers\Cinema->index()
 7 SYSTEMPATH/CodeIgniter.php(502): CodeIgniter\CodeIgniter->runController(Object(App\Controllers\Cinema))
 8 SYSTEMPATH/CodeIgniter.php(361): CodeIgniter\CodeIgniter->handleRequest(null, Object(Config\Cache), false)
 9 FCPATH/index.php(79): CodeIgniter\CodeIgniter->run()
10 SYSTEMPATH/Commands/Server/rewrite.php(47): require_once('/Users/ferroyudisthira/Desktop/Semesters/Semester 5/Framework Based Programming/pbkk_quiz2/public/index.php')
CRITICAL - 2023-11-27 12:06:02 --> Undefined variable $user_obj
in APPPATH/Views/moviepage.php on line 32.
 1 APPPATH/Views/moviepage.php(32): CodeIgniter\Debug\Exceptions->errorHandler(2, 'Undefined variable $user_obj', '/Users/ferroyudisthira/Desktop/Semesters/Semester 5/Framework Based Programming/pbkk_quiz2/app/Views/moviepage.php', 32)
 2 SYSTEMPATH/View/View.php(228): include('/Users/ferroyudisthira/Desktop/Semesters/Semester 5/Framework Based Programming/pbkk_quiz2/app/Views/moviepage.php')
 3 SYSTEMPATH/View/View.php(231): CodeIgniter\View\View->CodeIgniter\View\{closure}()
 4 SYSTEMPATH/Common.php(1190): CodeIgniter\View\View->render('moviepage', [], true)
 5 APPPATH/Controllers/Cinema.php(19): view('moviepage', [...])
 6 SYSTEMPATH/CodeIgniter.php(942): App\Controllers\Cinema->singleUser('$1')
 7 SYSTEMPATH/CodeIgniter.php(502): CodeIgniter\CodeIgniter->runController(Object(App\Controllers\Cinema))
 8 SYSTEMPATH/CodeIgniter.php(361): CodeIgniter\CodeIgniter->handleRequest(null, Object(Config\Cache), false)
 9 FCPATH/index.php(79): CodeIgniter\CodeIgniter->run()
10 SYSTEMPATH/Commands/Server/rewrite.php(47): require_once('/Users/ferroyudisthira/Desktop/Semesters/Semester 5/Framework Based Programming/pbkk_quiz2/public/index.php')
CRITICAL - 2023-11-27 12:06:41 --> Undefined variable $selectedfilm
in APPPATH/Views/moviepage.php on line 32.
 1 APPPATH/Views/moviepage.php(32): CodeIgniter\Debug\Exceptions->errorHandler(2, 'Undefined variable $selectedfilm', '/Users/ferroyudisthira/Desktop/Semesters/Semester 5/Framework Based Programming/pbkk_quiz2/app/Views/moviepage.php', 32)
 2 SYSTEMPATH/View/View.php(228): include('/Users/ferroyudisthira/Desktop/Semesters/Semester 5/Framework Based Programming/pbkk_quiz2/app/Views/moviepage.php')
 3 SYSTEMPATH/View/View.php(231): CodeIgniter\View\View->CodeIgniter\View\{closure}()
 4 SYSTEMPATH/Common.php(1190): CodeIgniter\View\View->render('moviepage', [], true)
 5 APPPATH/Controllers/Cinema.php(19): view('moviepage', [...])
 6 SYSTEMPATH/CodeIgniter.php(942): App\Controllers\Cinema->singleUser('$1')
 7 SYSTEMPATH/CodeIgniter.php(502): CodeIgniter\CodeIgniter->runController(Object(App\Controllers\Cinema))
 8 SYSTEMPATH/CodeIgniter.php(361): CodeIgniter\CodeIgniter->handleRequest(null, Object(Config\Cache), false)
 9 FCPATH/index.php(79): CodeIgniter\CodeIgniter->run()
10 SYSTEMPATH/Commands/Server/rewrite.php(47): require_once('/Users/ferroyudisthira/Desktop/Semesters/Semester 5/Framework Based Programming/pbkk_quiz2/public/index.php')
CRITICAL - 2023-11-27 12:06:52 --> Trying to access array offset on value of type null
in APPPATH/Views/moviepage.php on line 32.
 1 APPPATH/Views/moviepage.php(32): CodeIgniter\Debug\Exceptions->errorHandler(2, 'Trying to access array offset on value of type null', '/Users/ferroyudisthira/Desktop/Semesters/Semester 5/Framework Based Programming/pbkk_quiz2/app/Views/moviepage.php', 32)
 2 SYSTEMPATH/View/View.php(228): include('/Users/ferroyudisthira/Desktop/Semesters/Semester 5/Framework Based Programming/pbkk_quiz2/app/Views/moviepage.php')
 3 SYSTEMPATH/View/View.php(231): CodeIgniter\View\View->CodeIgniter\View\{closure}()
 4 SYSTEMPATH/Common.php(1190): CodeIgniter\View\View->render('moviepage', [], true)
 5 APPPATH/Controllers/Cinema.php(19): view('moviepage', [...])
 6 SYSTEMPATH/CodeIgniter.php(942): App\Controllers\Cinema->singleUser('$1')
 7 SYSTEMPATH/CodeIgniter.php(502): CodeIgniter\CodeIgniter->runController(Object(App\Controllers\Cinema))
 8 SYSTEMPATH/CodeIgniter.php(361): CodeIgniter\CodeIgniter->handleRequest(null, Object(Config\Cache), false)
 9 FCPATH/index.php(79): CodeIgniter\CodeIgniter->run()
10 SYSTEMPATH/Commands/Server/rewrite.php(47): require_once('/Users/ferroyudisthira/Desktop/Semesters/Semester 5/Framework Based Programming/pbkk_quiz2/public/index.php')
CRITICAL - 2023-11-27 12:07:15 --> Trying to access array offset on value of type null
in APPPATH/Views/moviepage.php on line 32.
 1 APPPATH/Views/moviepage.php(32): CodeIgniter\Debug\Exceptions->errorHandler(2, 'Trying to access array offset on value of type null', '/Users/ferroyudisthira/Desktop/Semesters/Semester 5/Framework Based Programming/pbkk_quiz2/app/Views/moviepage.php', 32)
 2 SYSTEMPATH/View/View.php(228): include('/Users/ferroyudisthira/Desktop/Semesters/Semester 5/Framework Based Programming/pbkk_quiz2/app/Views/moviepage.php')
 3 SYSTEMPATH/View/View.php(231): CodeIgniter\View\View->CodeIgniter\View\{closure}()
 4 SYSTEMPATH/Common.php(1190): CodeIgniter\View\View->render('moviepage', [], true)
 5 APPPATH/Controllers/Cinema.php(19): view('moviepage', [...])
 6 SYSTEMPATH/CodeIgniter.php(942): App\Controllers\Cinema->singleUser('$1')
 7 SYSTEMPATH/CodeIgniter.php(502): CodeIgniter\CodeIgniter->runController(Object(App\Controllers\Cinema))
 8 SYSTEMPATH/CodeIgniter.php(361): CodeIgniter\CodeIgniter->handleRequest(null, Object(Config\Cache), false)
 9 FCPATH/index.php(79): CodeIgniter\CodeIgniter->run()
10 SYSTEMPATH/Commands/Server/rewrite.php(47): require_once('/Users/ferroyudisthira/Desktop/Semesters/Semester 5/Framework Based Programming/pbkk_quiz2/public/index.php')
CRITICAL - 2023-11-27 12:10:50 --> Trying to access array offset on value of type null
in APPPATH/Views/moviepage.php on line 32.
 1 APPPATH/Views/moviepage.php(32): CodeIgniter\Debug\Exceptions->errorHandler(2, 'Trying to access array offset on value of type null', '/Users/ferroyudisthira/Desktop/Semesters/Semester 5/Framework Based Programming/pbkk_quiz2/app/Views/moviepage.php', 32)
 2 SYSTEMPATH/View/View.php(228): include('/Users/ferroyudisthira/Desktop/Semesters/Semester 5/Framework Based Programming/pbkk_quiz2/app/Views/moviepage.php')
 3 SYSTEMPATH/View/View.php(231): CodeIgniter\View\View->CodeIgniter\View\{closure}()
 4 SYSTEMPATH/Common.php(1190): CodeIgniter\View\View->render('moviepage', [], true)
 5 APPPATH/Controllers/Cinema.php(19): view('moviepage', [...])
 6 SYSTEMPATH/CodeIgniter.php(942): App\Controllers\Cinema->singleUser('$1')
 7 SYSTEMPATH/CodeIgniter.php(502): CodeIgniter\CodeIgniter->runController(Object(App\Controllers\Cinema))
 8 SYSTEMPATH/CodeIgniter.php(361): CodeIgniter\CodeIgniter->handleRequest(null, Object(Config\Cache), false)
 9 FCPATH/index.php(79): CodeIgniter\CodeIgniter->run()
10 SYSTEMPATH/Commands/Server/rewrite.php(47): require_once('/Users/ferroyudisthira/Desktop/Semesters/Semester 5/Framework Based Programming/pbkk_quiz2/public/index.php')
CRITICAL - 2023-11-27 12:11:08 --> Trying to access array offset on value of type null
in APPPATH/Views/moviepage.php on line 32.
 1 APPPATH/Views/moviepage.php(32): CodeIgniter\Debug\Exceptions->errorHandler(2, 'Trying to access array offset on value of type null', '/Users/ferroyudisthira/Desktop/Semesters/Semester 5/Framework Based Programming/pbkk_quiz2/app/Views/moviepage.php', 32)
 2 SYSTEMPATH/View/View.php(228): include('/Users/ferroyudisthira/Desktop/Semesters/Semester 5/Framework Based Programming/pbkk_quiz2/app/Views/moviepage.php')
 3 SYSTEMPATH/View/View.php(231): CodeIgniter\View\View->CodeIgniter\View\{closure}()
 4 SYSTEMPATH/Common.php(1190): CodeIgniter\View\View->render('moviepage', [], true)
 5 APPPATH/Controllers/Cinema.php(19): view('moviepage', [...])
 6 SYSTEMPATH/CodeIgniter.php(942): App\Controllers\Cinema->singleUser('', 'FM007')
 7 SYSTEMPATH/CodeIgniter.php(502): CodeIgniter\CodeIgniter->runController(Object(App\Controllers\Cinema))
 8 SYSTEMPATH/CodeIgniter.php(361): CodeIgniter\CodeIgniter->handleRequest(null, Object(Config\Cache), false)
 9 FCPATH/index.php(79): CodeIgniter\CodeIgniter->run()
10 SYSTEMPATH/Commands/Server/rewrite.php(47): require_once('/Users/ferroyudisthira/Desktop/Semesters/Semester 5/Framework Based Programming/pbkk_quiz2/public/index.php')
CRITICAL - 2023-11-27 12:11:12 --> Trying to access array offset on value of type null
in APPPATH/Views/moviepage.php on line 32.
 1 APPPATH/Views/moviepage.php(32): CodeIgniter\Debug\Exceptions->errorHandler(2, 'Trying to access array offset on value of type null', '/Users/ferroyudisthira/Desktop/Semesters/Semester 5/Framework Based Programming/pbkk_quiz2/app/Views/moviepage.php', 32)
 2 SYSTEMPATH/View/View.php(228): include('/Users/ferroyudisthira/Desktop/Semesters/Semester 5/Framework Based Programming/pbkk_quiz2/app/Views/moviepage.php')
 3 SYSTEMPATH/View/View.php(231): CodeIgniter\View\View->CodeIgniter\View\{closure}()
 4 SYSTEMPATH/Common.php(1190): CodeIgniter\View\View->render('moviepage', [], true)
 5 APPPATH/Controllers/Cinema.php(19): view('moviepage', [...])
 6 SYSTEMPATH/CodeIgniter.php(942): App\Controllers\Cinema->singleUser('', 'FM007')
 7 SYSTEMPATH/CodeIgniter.php(502): CodeIgniter\CodeIgniter->runController(Object(App\Controllers\Cinema))
 8 SYSTEMPATH/CodeIgniter.php(361): CodeIgniter\CodeIgniter->handleRequest(null, Object(Config\Cache), false)
 9 FCPATH/index.php(79): CodeIgniter\CodeIgniter->run()
10 SYSTEMPATH/Commands/Server/rewrite.php(47): require_once('/Users/ferroyudisthira/Desktop/Semesters/Semester 5/Framework Based Programming/pbkk_quiz2/public/index.php')
CRITICAL - 2023-11-27 12:13:25 --> Undefined variable $Film
in APPPATH/Views/moviepage.php on line 29.
 1 APPPATH/Views/moviepage.php(29): CodeIgniter\Debug\Exceptions->errorHandler(2, 'Undefined variable $Film', '/Users/ferroyudisthira/Desktop/Semesters/Semester 5/Framework Based Programming/pbkk_quiz2/app/Views/moviepage.php', 29)
 2 SYSTEMPATH/View/View.php(228): include('/Users/ferroyudisthira/Desktop/Semesters/Semester 5/Framework Based Programming/pbkk_quiz2/app/Views/moviepage.php')
 3 SYSTEMPATH/View/View.php(231): CodeIgniter\View\View->CodeIgniter\View\{closure}()
 4 SYSTEMPATH/Common.php(1190): CodeIgniter\View\View->render('moviepage', [], true)
 5 APPPATH/Controllers/Cinema.php(19): view('moviepage', [...])
 6 SYSTEMPATH/CodeIgniter.php(942): App\Controllers\Cinema->singleUser('FM007')
 7 SYSTEMPATH/CodeIgniter.php(502): CodeIgniter\CodeIgniter->runController(Object(App\Controllers\Cinema))
 8 SYSTEMPATH/CodeIgniter.php(361): CodeIgniter\CodeIgniter->handleRequest(null, Object(Config\Cache), false)
 9 FCPATH/index.php(79): CodeIgniter\CodeIgniter->run()
10 SYSTEMPATH/Commands/Server/rewrite.php(47): require_once('/Users/ferroyudisthira/Desktop/Semesters/Semester 5/Framework Based Programming/pbkk_quiz2/public/index.php')
CRITICAL - 2023-11-27 12:13:44 --> Undefined variable $Film
in APPPATH/Views/moviepage.php on line 29.
 1 APPPATH/Views/moviepage.php(29): CodeIgniter\Debug\Exceptions->errorHandler(2, 'Undefined variable $Film', '/Users/ferroyudisthira/Desktop/Semesters/Semester 5/Framework Based Programming/pbkk_quiz2/app/Views/moviepage.php', 29)
 2 SYSTEMPATH/View/View.php(228): include('/Users/ferroyudisthira/Desktop/Semesters/Semester 5/Framework Based Programming/pbkk_quiz2/app/Views/moviepage.php')
 3 SYSTEMPATH/View/View.php(231): CodeIgniter\View\View->CodeIgniter\View\{closure}()
 4 SYSTEMPATH/Common.php(1190): CodeIgniter\View\View->render('moviepage', [], true)
 5 APPPATH/Controllers/Cinema.php(19): view('moviepage', [...])
 6 SYSTEMPATH/CodeIgniter.php(942): App\Controllers\Cinema->singleUser('FM007')
 7 SYSTEMPATH/CodeIgniter.php(502): CodeIgniter\CodeIgniter->runController(Object(App\Controllers\Cinema))
 8 SYSTEMPATH/CodeIgniter.php(361): CodeIgniter\CodeIgniter->handleRequest(null, Object(Config\Cache), false)
 9 FCPATH/index.php(79): CodeIgniter\CodeIgniter->run()
10 SYSTEMPATH/Commands/Server/rewrite.php(47): require_once('/Users/ferroyudisthira/Desktop/Semesters/Semester 5/Framework Based Programming/pbkk_quiz2/public/index.php')
CRITICAL - 2023-11-27 12:13:45 --> Undefined variable $Film
in APPPATH/Views/moviepage.php on line 29.
 1 APPPATH/Views/moviepage.php(29): CodeIgniter\Debug\Exceptions->errorHandler(2, 'Undefined variable $Film', '/Users/ferroyudisthira/Desktop/Semesters/Semester 5/Framework Based Programming/pbkk_quiz2/app/Views/moviepage.php', 29)
 2 SYSTEMPATH/View/View.php(228): include('/Users/ferroyudisthira/Desktop/Semesters/Semester 5/Framework Based Programming/pbkk_quiz2/app/Views/moviepage.php')
 3 SYSTEMPATH/View/View.php(231): CodeIgniter\View\View->CodeIgniter\View\{closure}()
 4 SYSTEMPATH/Common.php(1190): CodeIgniter\View\View->render('moviepage', [], true)
 5 APPPATH/Controllers/Cinema.php(19): view('moviepage', [...])
 6 SYSTEMPATH/CodeIgniter.php(942): App\Controllers\Cinema->singleUser('FM007')
 7 SYSTEMPATH/CodeIgniter.php(502): CodeIgniter\CodeIgniter->runController(Object(App\Controllers\Cinema))
 8 SYSTEMPATH/CodeIgniter.php(361): CodeIgniter\CodeIgniter->handleRequest(null, Object(Config\Cache), false)
 9 FCPATH/index.php(79): CodeIgniter\CodeIgniter->run()
10 SYSTEMPATH/Commands/Server/rewrite.php(47): require_once('/Users/ferroyudisthira/Desktop/Semesters/Semester 5/Framework Based Programming/pbkk_quiz2/public/index.php')
CRITICAL - 2023-11-27 12:13:57 --> Undefined variable $Film
in APPPATH/Views/moviepage.php on line 29.
 1 APPPATH/Views/moviepage.php(29): CodeIgniter\Debug\Exceptions->errorHandler(2, 'Undefined variable $Film', '/Users/ferroyudisthira/Desktop/Semesters/Semester 5/Framework Based Programming/pbkk_quiz2/app/Views/moviepage.php', 29)
 2 SYSTEMPATH/View/View.php(228): include('/Users/ferroyudisthira/Desktop/Semesters/Semester 5/Framework Based Programming/pbkk_quiz2/app/Views/moviepage.php')
 3 SYSTEMPATH/View/View.php(231): CodeIgniter\View\View->CodeIgniter\View\{closure}()
 4 SYSTEMPATH/Common.php(1190): CodeIgniter\View\View->render('moviepage', [], true)
 5 APPPATH/Controllers/Cinema.php(19): view('moviepage', [...])
 6 SYSTEMPATH/CodeIgniter.php(942): App\Controllers\Cinema->singleUser('FM007')
 7 SYSTEMPATH/CodeIgniter.php(502): CodeIgniter\CodeIgniter->runController(Object(App\Controllers\Cinema))
 8 SYSTEMPATH/CodeIgniter.php(361): CodeIgniter\CodeIgniter->handleRequest(null, Object(Config\Cache), false)
 9 FCPATH/index.php(79): CodeIgniter\CodeIgniter->run()
10 SYSTEMPATH/Commands/Server/rewrite.php(47): require_once('/Users/ferroyudisthira/Desktop/Semesters/Semester 5/Framework Based Programming/pbkk_quiz2/public/index.php')
CRITICAL - 2023-11-27 12:14:46 --> Undefined variable $selectedfilm
in APPPATH/Views/homepage.php on line 40.
 1 APPPATH/Views/homepage.php(40): CodeIgniter\Debug\Exceptions->errorHandler(2, 'Undefined variable $selectedfilm', '/Users/ferroyudisthira/Desktop/Semesters/Semester 5/Framework Based Programming/pbkk_quiz2/app/Views/homepage.php', 40)
 2 SYSTEMPATH/View/View.php(228): include('/Users/ferroyudisthira/Desktop/Semesters/Semester 5/Framework Based Programming/pbkk_quiz2/app/Views/homepage.php')
 3 SYSTEMPATH/View/View.php(231): CodeIgniter\View\View->CodeIgniter\View\{closure}()
 4 SYSTEMPATH/Common.php(1190): CodeIgniter\View\View->render('homepage', [], true)
 5 APPPATH/Controllers/Cinema.php(11): view('homepage', [...])
 6 SYSTEMPATH/CodeIgniter.php(942): App\Controllers\Cinema->index()
 7 SYSTEMPATH/CodeIgniter.php(502): CodeIgniter\CodeIgniter->runController(Object(App\Controllers\Cinema))
 8 SYSTEMPATH/CodeIgniter.php(361): CodeIgniter\CodeIgniter->handleRequest(null, Object(Config\Cache), false)
 9 FCPATH/index.php(79): CodeIgniter\CodeIgniter->run()
10 SYSTEMPATH/Commands/Server/rewrite.php(47): require_once('/Users/ferroyudisthira/Desktop/Semesters/Semester 5/Framework Based Programming/pbkk_quiz2/public/index.php')
CRITICAL - 2023-11-27 12:14:50 --> Undefined variable $selectedfilm
in APPPATH/Views/homepage.php on line 40.
 1 APPPATH/Views/homepage.php(40): CodeIgniter\Debug\Exceptions->errorHandler(2, 'Undefined variable $selectedfilm', '/Users/ferroyudisthira/Desktop/Semesters/Semester 5/Framework Based Programming/pbkk_quiz2/app/Views/homepage.php', 40)
 2 SYSTEMPATH/View/View.php(228): include('/Users/ferroyudisthira/Desktop/Semesters/Semester 5/Framework Based Programming/pbkk_quiz2/app/Views/homepage.php')
 3 SYSTEMPATH/View/View.php(231): CodeIgniter\View\View->CodeIgniter\View\{closure}()
 4 SYSTEMPATH/Common.php(1190): CodeIgniter\View\View->render('homepage', [], true)
 5 APPPATH/Controllers/Cinema.php(11): view('homepage', [...])
 6 SYSTEMPATH/CodeIgniter.php(942): App\Controllers\Cinema->index()
 7 SYSTEMPATH/CodeIgniter.php(502): CodeIgniter\CodeIgniter->runController(Object(App\Controllers\Cinema))
 8 SYSTEMPATH/CodeIgniter.php(361): CodeIgniter\CodeIgniter->handleRequest(null, Object(Config\Cache), false)
 9 FCPATH/index.php(79): CodeIgniter\CodeIgniter->run()
10 SYSTEMPATH/Commands/Server/rewrite.php(47): require_once('/Users/ferroyudisthira/Desktop/Semesters/Semester 5/Framework Based Programming/pbkk_quiz2/public/index.php')
CRITICAL - 2023-11-27 12:15:22 --> Undefined variable $selectedfilm
in APPPATH/Views/homepage.php on line 40.
 1 APPPATH/Views/homepage.php(40): CodeIgniter\Debug\Exceptions->errorHandler(2, 'Undefined variable $selectedfilm', '/Users/ferroyudisthira/Desktop/Semesters/Semester 5/Framework Based Programming/pbkk_quiz2/app/Views/homepage.php', 40)
 2 SYSTEMPATH/View/View.php(228): include('/Users/ferroyudisthira/Desktop/Semesters/Semester 5/Framework Based Programming/pbkk_quiz2/app/Views/homepage.php')
 3 SYSTEMPATH/View/View.php(231): CodeIgniter\View\View->CodeIgniter\View\{closure}()
 4 SYSTEMPATH/Common.php(1190): CodeIgniter\View\View->render('homepage', [], true)
 5 APPPATH/Controllers/Cinema.php(11): view('homepage', [...])
 6 SYSTEMPATH/CodeIgniter.php(942): App\Controllers\Cinema->index()
 7 SYSTEMPATH/CodeIgniter.php(502): CodeIgniter\CodeIgniter->runController(Object(App\Controllers\Cinema))
 8 SYSTEMPATH/CodeIgniter.php(361): CodeIgniter\CodeIgniter->handleRequest(null, Object(Config\Cache), false)
 9 FCPATH/index.php(79): CodeIgniter\CodeIgniter->run()
10 SYSTEMPATH/Commands/Server/rewrite.php(47): require_once('/Users/ferroyudisthira/Desktop/Semesters/Semester 5/Framework Based Programming/pbkk_quiz2/public/index.php')
CRITICAL - 2023-11-27 12:15:26 --> Undefined variable $selectedfilm
in APPPATH/Views/homepage.php on line 40.
 1 APPPATH/Views/homepage.php(40): CodeIgniter\Debug\Exceptions->errorHandler(2, 'Undefined variable $selectedfilm', '/Users/ferroyudisthira/Desktop/Semesters/Semester 5/Framework Based Programming/pbkk_quiz2/app/Views/homepage.php', 40)
 2 SYSTEMPATH/View/View.php(228): include('/Users/ferroyudisthira/Desktop/Semesters/Semester 5/Framework Based Programming/pbkk_quiz2/app/Views/homepage.php')
 3 SYSTEMPATH/View/View.php(231): CodeIgniter\View\View->CodeIgniter\View\{closure}()
 4 SYSTEMPATH/Common.php(1190): CodeIgniter\View\View->render('homepage', [], true)
 5 APPPATH/Controllers/Cinema.php(11): view('homepage', [...])
 6 SYSTEMPATH/CodeIgniter.php(942): App\Controllers\Cinema->index()
 7 SYSTEMPATH/CodeIgniter.php(502): CodeIgniter\CodeIgniter->runController(Object(App\Controllers\Cinema))
 8 SYSTEMPATH/CodeIgniter.php(361): CodeIgniter\CodeIgniter->handleRequest(null, Object(Config\Cache), false)
 9 FCPATH/index.php(79): CodeIgniter\CodeIgniter->run()
10 SYSTEMPATH/Commands/Server/rewrite.php(47): require_once('/Users/ferroyudisthira/Desktop/Semesters/Semester 5/Framework Based Programming/pbkk_quiz2/public/index.php')
ERROR - 2023-11-27 16:47:01 --> Error connecting to the database: mysqli_sql_exception: Unknown database 'ticketmovie' in /Applications/XAMPP/xamppfiles/htdocs/PBKK-Quiz-2/system/Database/MySQLi/Connection.php:184
Stack trace:
#0 /Applications/XAMPP/xamppfiles/htdocs/PBKK-Quiz-2/system/Database/MySQLi/Connection.php(184): mysqli->real_connect(NULL, 'root', Object(SensitiveParameterValue), 'ticketmovie', NULL, '/Applications/X...', 0)
#1 /Applications/XAMPP/xamppfiles/htdocs/PBKK-Quiz-2/system/Database/BaseConnection.php(392): CodeIgniter\Database\MySQLi\Connection->connect(false)
#2 /Applications/XAMPP/xamppfiles/htdocs/PBKK-Quiz-2/system/Database/BaseConnection.php(575): CodeIgniter\Database\BaseConnection->initialize()
#3 /Applications/XAMPP/xamppfiles/htdocs/PBKK-Quiz-2/system/Database/BaseBuilder.php(1615): CodeIgniter\Database\BaseConnection->query('SELECT *\nFROM `...', Array, false)
#4 /Applications/XAMPP/xamppfiles/htdocs/PBKK-Quiz-2/system/Model.php(237): CodeIgniter\Database\BaseBuilder->get()
#5 /Applications/XAMPP/xamppfiles/htdocs/PBKK-Quiz-2/system/BaseModel.php(624): CodeIgniter\Model->doFindAll(0, 0)
#6 /Applications/XAMPP/xamppfiles/htdocs/PBKK-Quiz-2/app/Controllers/Cinema.php(10): CodeIgniter\BaseModel->findAll()
#7 /Applications/XAMPP/xamppfiles/htdocs/PBKK-Quiz-2/system/CodeIgniter.php(942): App\Controllers\Cinema->index()
#8 /Applications/XAMPP/xamppfiles/htdocs/PBKK-Quiz-2/system/CodeIgniter.php(502): CodeIgniter\CodeIgniter->runController(Object(App\Controllers\Cinema))
#9 /Applications/XAMPP/xamppfiles/htdocs/PBKK-Quiz-2/system/CodeIgniter.php(361): CodeIgniter\CodeIgniter->handleRequest(NULL, Object(Config\Cache), false)
#10 /Applications/XAMPP/xamppfiles/htdocs/PBKK-Quiz-2/public/index.php(79): CodeIgniter\CodeIgniter->run()
#11 /Applications/XAMPP/xamppfiles/htdocs/PBKK-Quiz-2/system/Commands/Server/rewrite.php(47): require_once('/Applications/X...')
#12 {main}

Next CodeIgniter\Database\Exceptions\DatabaseException: Unknown database 'ticketmovie' in /Applications/XAMPP/xamppfiles/htdocs/PBKK-Quiz-2/system/Database/MySQLi/Connection.php:229
Stack trace:
#0 /Applications/XAMPP/xamppfiles/htdocs/PBKK-Quiz-2/system/Database/BaseConnection.php(392): CodeIgniter\Database\MySQLi\Connection->connect(false)
#1 /Applications/XAMPP/xamppfiles/htdocs/PBKK-Quiz-2/system/Database/BaseConnection.php(575): CodeIgniter\Database\BaseConnection->initialize()
#2 /Applications/XAMPP/xamppfiles/htdocs/PBKK-Quiz-2/system/Database/BaseBuilder.php(1615): CodeIgniter\Database\BaseConnection->query('SELECT *\nFROM `...', Array, false)
#3 /Applications/XAMPP/xamppfiles/htdocs/PBKK-Quiz-2/system/Model.php(237): CodeIgniter\Database\BaseBuilder->get()
#4 /Applications/XAMPP/xamppfiles/htdocs/PBKK-Quiz-2/system/BaseModel.php(624): CodeIgniter\Model->doFindAll(0, 0)
#5 /Applications/XAMPP/xamppfiles/htdocs/PBKK-Quiz-2/app/Controllers/Cinema.php(10): CodeIgniter\BaseModel->findAll()
#6 /Applications/XAMPP/xamppfiles/htdocs/PBKK-Quiz-2/system/CodeIgniter.php(942): App\Controllers\Cinema->index()
#7 /Applications/XAMPP/xamppfiles/htdocs/PBKK-Quiz-2/system/CodeIgniter.php(502): CodeIgniter\CodeIgniter->runController(Object(App\Controllers\Cinema))
#8 /Applications/XAMPP/xamppfiles/htdocs/PBKK-Quiz-2/system/CodeIgniter.php(361): CodeIgniter\CodeIgniter->handleRequest(NULL, Object(Config\Cache), false)
#9 /Applications/XAMPP/xamppfiles/htdocs/PBKK-Quiz-2/public/index.php(79): CodeIgniter\CodeIgniter->run()
#10 /Applications/XAMPP/xamppfiles/htdocs/PBKK-Quiz-2/system/Commands/Server/rewrite.php(47): require_once('/Applications/X...')
#11 {main}
CRITICAL - 2023-11-27 16:47:01 --> Unable to connect to the database.
Main connection [MySQLi]: Unknown database 'ticketmovie'
in SYSTEMPATH/Database/BaseConnection.php on line 428.
 1 SYSTEMPATH/Database/BaseConnection.php(575): CodeIgniter\Database\BaseConnection->initialize()
 2 SYSTEMPATH/Database/BaseBuilder.php(1615): CodeIgniter\Database\BaseConnection->query('SELECT *
FROM `ListFilm`
ORDER BY `idfilm` DESC', [], false)
 3 SYSTEMPATH/Model.php(237): CodeIgniter\Database\BaseBuilder->get()
 4 SYSTEMPATH/BaseModel.php(624): CodeIgniter\Model->doFindAll(0, 0)
 5 APPPATH/Controllers/Cinema.php(10): CodeIgniter\BaseModel->findAll()
 6 SYSTEMPATH/CodeIgniter.php(942): App\Controllers\Cinema->index()
 7 SYSTEMPATH/CodeIgniter.php(502): CodeIgniter\CodeIgniter->runController(Object(App\Controllers\Cinema))
 8 SYSTEMPATH/CodeIgniter.php(361): CodeIgniter\CodeIgniter->handleRequest(null, Object(Config\Cache), false)
 9 FCPATH/index.php(79): CodeIgniter\CodeIgniter->run()
10 SYSTEMPATH/Commands/Server/rewrite.php(47): require_once('/Applications/XAMPP/xamppfiles/htdocs/PBKK-Quiz-2/public/index.php')
ERROR - 2023-11-27 16:51:15 --> Error connecting to the database: mysqli_sql_exception: Unknown database 'ticketmovie' in /Applications/XAMPP/xamppfiles/htdocs/PBKK-Quiz-2/system/Database/MySQLi/Connection.php:184
Stack trace:
#0 /Applications/XAMPP/xamppfiles/htdocs/PBKK-Quiz-2/system/Database/MySQLi/Connection.php(184): mysqli->real_connect(NULL, 'root', Object(SensitiveParameterValue), 'ticketmovie', NULL, '/Applications/X...', 0)
#1 /Applications/XAMPP/xamppfiles/htdocs/PBKK-Quiz-2/system/Database/BaseConnection.php(392): CodeIgniter\Database\MySQLi\Connection->connect(false)
#2 /Applications/XAMPP/xamppfiles/htdocs/PBKK-Quiz-2/system/Database/BaseConnection.php(575): CodeIgniter\Database\BaseConnection->initialize()
#3 /Applications/XAMPP/xamppfiles/htdocs/PBKK-Quiz-2/system/Database/BaseBuilder.php(1615): CodeIgniter\Database\BaseConnection->query('SELECT *\nFROM `...', Array, false)
#4 /Applications/XAMPP/xamppfiles/htdocs/PBKK-Quiz-2/system/Model.php(237): CodeIgniter\Database\BaseBuilder->get()
#5 /Applications/XAMPP/xamppfiles/htdocs/PBKK-Quiz-2/system/BaseModel.php(624): CodeIgniter\Model->doFindAll(0, 0)
#6 /Applications/XAMPP/xamppfiles/htdocs/PBKK-Quiz-2/app/Controllers/Cinema.php(10): CodeIgniter\BaseModel->findAll()
#7 /Applications/XAMPP/xamppfiles/htdocs/PBKK-Quiz-2/system/CodeIgniter.php(942): App\Controllers\Cinema->index()
#8 /Applications/XAMPP/xamppfiles/htdocs/PBKK-Quiz-2/system/CodeIgniter.php(502): CodeIgniter\CodeIgniter->runController(Object(App\Controllers\Cinema))
#9 /Applications/XAMPP/xamppfiles/htdocs/PBKK-Quiz-2/system/CodeIgniter.php(361): CodeIgniter\CodeIgniter->handleRequest(NULL, Object(Config\Cache), false)
#10 /Applications/XAMPP/xamppfiles/htdocs/PBKK-Quiz-2/public/index.php(79): CodeIgniter\CodeIgniter->run()
#11 /Applications/XAMPP/xamppfiles/htdocs/PBKK-Quiz-2/system/Commands/Server/rewrite.php(47): require_once('/Applications/X...')
#12 {main}

Next CodeIgniter\Database\Exceptions\DatabaseException: Unknown database 'ticketmovie' in /Applications/XAMPP/xamppfiles/htdocs/PBKK-Quiz-2/system/Database/MySQLi/Connection.php:229
Stack trace:
#0 /Applications/XAMPP/xamppfiles/htdocs/PBKK-Quiz-2/system/Database/BaseConnection.php(392): CodeIgniter\Database\MySQLi\Connection->connect(false)
#1 /Applications/XAMPP/xamppfiles/htdocs/PBKK-Quiz-2/system/Database/BaseConnection.php(575): CodeIgniter\Database\BaseConnection->initialize()
#2 /Applications/XAMPP/xamppfiles/htdocs/PBKK-Quiz-2/system/Database/BaseBuilder.php(1615): CodeIgniter\Database\BaseConnection->query('SELECT *\nFROM `...', Array, false)
#3 /Applications/XAMPP/xamppfiles/htdocs/PBKK-Quiz-2/system/Model.php(237): CodeIgniter\Database\BaseBuilder->get()
#4 /Applications/XAMPP/xamppfiles/htdocs/PBKK-Quiz-2/system/BaseModel.php(624): CodeIgniter\Model->doFindAll(0, 0)
#5 /Applications/XAMPP/xamppfiles/htdocs/PBKK-Quiz-2/app/Controllers/Cinema.php(10): CodeIgniter\BaseModel->findAll()
#6 /Applications/XAMPP/xamppfiles/htdocs/PBKK-Quiz-2/system/CodeIgniter.php(942): App\Controllers\Cinema->index()
#7 /Applications/XAMPP/xamppfiles/htdocs/PBKK-Quiz-2/system/CodeIgniter.php(502): CodeIgniter\CodeIgniter->runController(Object(App\Controllers\Cinema))
#8 /Applications/XAMPP/xamppfiles/htdocs/PBKK-Quiz-2/system/CodeIgniter.php(361): CodeIgniter\CodeIgniter->handleRequest(NULL, Object(Config\Cache), false)
#9 /Applications/XAMPP/xamppfiles/htdocs/PBKK-Quiz-2/public/index.php(79): CodeIgniter\CodeIgniter->run()
#10 /Applications/XAMPP/xamppfiles/htdocs/PBKK-Quiz-2/system/Commands/Server/rewrite.php(47): require_once('/Applications/X...')
#11 {main}
CRITICAL - 2023-11-27 16:51:15 --> Unable to connect to the database.
Main connection [MySQLi]: Unknown database 'ticketmovie'
in SYSTEMPATH/Database/BaseConnection.php on line 428.
 1 SYSTEMPATH/Database/BaseConnection.php(575): CodeIgniter\Database\BaseConnection->initialize()
 2 SYSTEMPATH/Database/BaseBuilder.php(1615): CodeIgniter\Database\BaseConnection->query('SELECT *
FROM `ListFilm`
ORDER BY `idfilm` DESC', [], false)
 3 SYSTEMPATH/Model.php(237): CodeIgniter\Database\BaseBuilder->get()
 4 SYSTEMPATH/BaseModel.php(624): CodeIgniter\Model->doFindAll(0, 0)
 5 APPPATH/Controllers/Cinema.php(10): CodeIgniter\BaseModel->findAll()
 6 SYSTEMPATH/CodeIgniter.php(942): App\Controllers\Cinema->index()
 7 SYSTEMPATH/CodeIgniter.php(502): CodeIgniter\CodeIgniter->runController(Object(App\Controllers\Cinema))
 8 SYSTEMPATH/CodeIgniter.php(361): CodeIgniter\CodeIgniter->handleRequest(null, Object(Config\Cache), false)
 9 FCPATH/index.php(79): CodeIgniter\CodeIgniter->run()
10 SYSTEMPATH/Commands/Server/rewrite.php(47): require_once('/Applications/XAMPP/xamppfiles/htdocs/PBKK-Quiz-2/public/index.php')
ERROR - 2023-11-27 16:54:15 --> Error connecting to the database: mysqli_sql_exception: Unknown database 'ticketmovie' in /Applications/XAMPP/xamppfiles/htdocs/PBKK-Quiz-2/system/Database/MySQLi/Connection.php:184
Stack trace:
#0 /Applications/XAMPP/xamppfiles/htdocs/PBKK-Quiz-2/system/Database/MySQLi/Connection.php(184): mysqli->real_connect(NULL, 'root', Object(SensitiveParameterValue), 'ticketmovie', NULL, '/Applications/X...', 0)
#1 /Applications/XAMPP/xamppfiles/htdocs/PBKK-Quiz-2/system/Database/BaseConnection.php(392): CodeIgniter\Database\MySQLi\Connection->connect(false)
#2 /Applications/XAMPP/xamppfiles/htdocs/PBKK-Quiz-2/system/Database/BaseConnection.php(575): CodeIgniter\Database\BaseConnection->initialize()
#3 /Applications/XAMPP/xamppfiles/htdocs/PBKK-Quiz-2/system/Database/BaseBuilder.php(1615): CodeIgniter\Database\BaseConnection->query('SELECT *\nFROM `...', Array, false)
#4 /Applications/XAMPP/xamppfiles/htdocs/PBKK-Quiz-2/system/Model.php(237): CodeIgniter\Database\BaseBuilder->get()
#5 /Applications/XAMPP/xamppfiles/htdocs/PBKK-Quiz-2/system/BaseModel.php(624): CodeIgniter\Model->doFindAll(0, 0)
#6 /Applications/XAMPP/xamppfiles/htdocs/PBKK-Quiz-2/app/Controllers/Cinema.php(10): CodeIgniter\BaseModel->findAll()
#7 /Applications/XAMPP/xamppfiles/htdocs/PBKK-Quiz-2/system/CodeIgniter.php(942): App\Controllers\Cinema->index()
#8 /Applications/XAMPP/xamppfiles/htdocs/PBKK-Quiz-2/system/CodeIgniter.php(502): CodeIgniter\CodeIgniter->runController(Object(App\Controllers\Cinema))
#9 /Applications/XAMPP/xamppfiles/htdocs/PBKK-Quiz-2/system/CodeIgniter.php(361): CodeIgniter\CodeIgniter->handleRequest(NULL, Object(Config\Cache), false)
#10 /Applications/XAMPP/xamppfiles/htdocs/PBKK-Quiz-2/public/index.php(79): CodeIgniter\CodeIgniter->run()
#11 /Applications/XAMPP/xamppfiles/htdocs/PBKK-Quiz-2/system/Commands/Server/rewrite.php(47): require_once('/Applications/X...')
#12 {main}

Next CodeIgniter\Database\Exceptions\DatabaseException: Unknown database 'ticketmovie' in /Applications/XAMPP/xamppfiles/htdocs/PBKK-Quiz-2/system/Database/MySQLi/Connection.php:229
Stack trace:
#0 /Applications/XAMPP/xamppfiles/htdocs/PBKK-Quiz-2/system/Database/BaseConnection.php(392): CodeIgniter\Database\MySQLi\Connection->connect(false)
#1 /Applications/XAMPP/xamppfiles/htdocs/PBKK-Quiz-2/system/Database/BaseConnection.php(575): CodeIgniter\Database\BaseConnection->initialize()
#2 /Applications/XAMPP/xamppfiles/htdocs/PBKK-Quiz-2/system/Database/BaseBuilder.php(1615): CodeIgniter\Database\BaseConnection->query('SELECT *\nFROM `...', Array, false)
#3 /Applications/XAMPP/xamppfiles/htdocs/PBKK-Quiz-2/system/Model.php(237): CodeIgniter\Database\BaseBuilder->get()
#4 /Applications/XAMPP/xamppfiles/htdocs/PBKK-Quiz-2/system/BaseModel.php(624): CodeIgniter\Model->doFindAll(0, 0)
#5 /Applications/XAMPP/xamppfiles/htdocs/PBKK-Quiz-2/app/Controllers/Cinema.php(10): CodeIgniter\BaseModel->findAll()
#6 /Applications/XAMPP/xamppfiles/htdocs/PBKK-Quiz-2/system/CodeIgniter.php(942): App\Controllers\Cinema->index()
#7 /Applications/XAMPP/xamppfiles/htdocs/PBKK-Quiz-2/system/CodeIgniter.php(502): CodeIgniter\CodeIgniter->runController(Object(App\Controllers\Cinema))
#8 /Applications/XAMPP/xamppfiles/htdocs/PBKK-Quiz-2/system/CodeIgniter.php(361): CodeIgniter\CodeIgniter->handleRequest(NULL, Object(Config\Cache), false)
#9 /Applications/XAMPP/xamppfiles/htdocs/PBKK-Quiz-2/public/index.php(79): CodeIgniter\CodeIgniter->run()
#10 /Applications/XAMPP/xamppfiles/htdocs/PBKK-Quiz-2/system/Commands/Server/rewrite.php(47): require_once('/Applications/X...')
#11 {main}
CRITICAL - 2023-11-27 16:54:15 --> Unable to connect to the database.
Main connection [MySQLi]: Unknown database 'ticketmovie'
in SYSTEMPATH/Database/BaseConnection.php on line 428.
 1 SYSTEMPATH/Database/BaseConnection.php(575): CodeIgniter\Database\BaseConnection->initialize()
 2 SYSTEMPATH/Database/BaseBuilder.php(1615): CodeIgniter\Database\BaseConnection->query('SELECT *
FROM `ListFilm`
ORDER BY `idfilm` DESC', [], false)
 3 SYSTEMPATH/Model.php(237): CodeIgniter\Database\BaseBuilder->get()
 4 SYSTEMPATH/BaseModel.php(624): CodeIgniter\Model->doFindAll(0, 0)
 5 APPPATH/Controllers/Cinema.php(10): CodeIgniter\BaseModel->findAll()
 6 SYSTEMPATH/CodeIgniter.php(942): App\Controllers\Cinema->index()
 7 SYSTEMPATH/CodeIgniter.php(502): CodeIgniter\CodeIgniter->runController(Object(App\Controllers\Cinema))
 8 SYSTEMPATH/CodeIgniter.php(361): CodeIgniter\CodeIgniter->handleRequest(null, Object(Config\Cache), false)
 9 FCPATH/index.php(79): CodeIgniter\CodeIgniter->run()
10 SYSTEMPATH/Commands/Server/rewrite.php(47): require_once('/Applications/XAMPP/xamppfiles/htdocs/PBKK-Quiz-2/public/index.php')
ERROR - 2023-11-27 16:54:55 --> Error connecting to the database: mysqli_sql_exception: Unknown database 'ticketmovie' in /Applications/XAMPP/xamppfiles/htdocs/PBKK-Quiz-2/system/Database/MySQLi/Connection.php:184
Stack trace:
#0 /Applications/XAMPP/xamppfiles/htdocs/PBKK-Quiz-2/system/Database/MySQLi/Connection.php(184): mysqli->real_connect(NULL, 'root', Object(SensitiveParameterValue), 'ticketmovie', NULL, '/Applications/X...', 0)
#1 /Applications/XAMPP/xamppfiles/htdocs/PBKK-Quiz-2/system/Database/BaseConnection.php(392): CodeIgniter\Database\MySQLi\Connection->connect(false)
#2 /Applications/XAMPP/xamppfiles/htdocs/PBKK-Quiz-2/system/Database/BaseConnection.php(575): CodeIgniter\Database\BaseConnection->initialize()
#3 /Applications/XAMPP/xamppfiles/htdocs/PBKK-Quiz-2/system/Database/BaseBuilder.php(1615): CodeIgniter\Database\BaseConnection->query('SELECT *\nFROM `...', Array, false)
#4 /Applications/XAMPP/xamppfiles/htdocs/PBKK-Quiz-2/system/Model.php(237): CodeIgniter\Database\BaseBuilder->get()
#5 /Applications/XAMPP/xamppfiles/htdocs/PBKK-Quiz-2/system/BaseModel.php(624): CodeIgniter\Model->doFindAll(0, 0)
#6 /Applications/XAMPP/xamppfiles/htdocs/PBKK-Quiz-2/app/Controllers/Cinema.php(10): CodeIgniter\BaseModel->findAll()
#7 /Applications/XAMPP/xamppfiles/htdocs/PBKK-Quiz-2/system/CodeIgniter.php(942): App\Controllers\Cinema->index()
#8 /Applications/XAMPP/xamppfiles/htdocs/PBKK-Quiz-2/system/CodeIgniter.php(502): CodeIgniter\CodeIgniter->runController(Object(App\Controllers\Cinema))
#9 /Applications/XAMPP/xamppfiles/htdocs/PBKK-Quiz-2/system/CodeIgniter.php(361): CodeIgniter\CodeIgniter->handleRequest(NULL, Object(Config\Cache), false)
#10 /Applications/XAMPP/xamppfiles/htdocs/PBKK-Quiz-2/public/index.php(79): CodeIgniter\CodeIgniter->run()
#11 /Applications/XAMPP/xamppfiles/htdocs/PBKK-Quiz-2/system/Commands/Server/rewrite.php(47): require_once('/Applications/X...')
#12 {main}

Next CodeIgniter\Database\Exceptions\DatabaseException: Unknown database 'ticketmovie' in /Applications/XAMPP/xamppfiles/htdocs/PBKK-Quiz-2/system/Database/MySQLi/Connection.php:229
Stack trace:
#0 /Applications/XAMPP/xamppfiles/htdocs/PBKK-Quiz-2/system/Database/BaseConnection.php(392): CodeIgniter\Database\MySQLi\Connection->connect(false)
#1 /Applications/XAMPP/xamppfiles/htdocs/PBKK-Quiz-2/system/Database/BaseConnection.php(575): CodeIgniter\Database\BaseConnection->initialize()
#2 /Applications/XAMPP/xamppfiles/htdocs/PBKK-Quiz-2/system/Database/BaseBuilder.php(1615): CodeIgniter\Database\BaseConnection->query('SELECT *\nFROM `...', Array, false)
#3 /Applications/XAMPP/xamppfiles/htdocs/PBKK-Quiz-2/system/Model.php(237): CodeIgniter\Database\BaseBuilder->get()
#4 /Applications/XAMPP/xamppfiles/htdocs/PBKK-Quiz-2/system/BaseModel.php(624): CodeIgniter\Model->doFindAll(0, 0)
#5 /Applications/XAMPP/xamppfiles/htdocs/PBKK-Quiz-2/app/Controllers/Cinema.php(10): CodeIgniter\BaseModel->findAll()
#6 /Applications/XAMPP/xamppfiles/htdocs/PBKK-Quiz-2/system/CodeIgniter.php(942): App\Controllers\Cinema->index()
#7 /Applications/XAMPP/xamppfiles/htdocs/PBKK-Quiz-2/system/CodeIgniter.php(502): CodeIgniter\CodeIgniter->runController(Object(App\Controllers\Cinema))
#8 /Applications/XAMPP/xamppfiles/htdocs/PBKK-Quiz-2/system/CodeIgniter.php(361): CodeIgniter\CodeIgniter->handleRequest(NULL, Object(Config\Cache), false)
#9 /Applications/XAMPP/xamppfiles/htdocs/PBKK-Quiz-2/public/index.php(79): CodeIgniter\CodeIgniter->run()
#10 /Applications/XAMPP/xamppfiles/htdocs/PBKK-Quiz-2/system/Commands/Server/rewrite.php(47): require_once('/Applications/X...')
#11 {main}
CRITICAL - 2023-11-27 16:54:55 --> Unable to connect to the database.
Main connection [MySQLi]: Unknown database 'ticketmovie'
in SYSTEMPATH/Database/BaseConnection.php on line 428.
 1 SYSTEMPATH/Database/BaseConnection.php(575): CodeIgniter\Database\BaseConnection->initialize()
 2 SYSTEMPATH/Database/BaseBuilder.php(1615): CodeIgniter\Database\BaseConnection->query('SELECT *
FROM `ListFilm`
ORDER BY `idfilm` DESC', [], false)
 3 SYSTEMPATH/Model.php(237): CodeIgniter\Database\BaseBuilder->get()
 4 SYSTEMPATH/BaseModel.php(624): CodeIgniter\Model->doFindAll(0, 0)
 5 APPPATH/Controllers/Cinema.php(10): CodeIgniter\BaseModel->findAll()
 6 SYSTEMPATH/CodeIgniter.php(942): App\Controllers\Cinema->index()
 7 SYSTEMPATH/CodeIgniter.php(502): CodeIgniter\CodeIgniter->runController(Object(App\Controllers\Cinema))
 8 SYSTEMPATH/CodeIgniter.php(361): CodeIgniter\CodeIgniter->handleRequest(null, Object(Config\Cache), false)
 9 FCPATH/index.php(79): CodeIgniter\CodeIgniter->run()
10 SYSTEMPATH/Commands/Server/rewrite.php(47): require_once('/Applications/XAMPP/xamppfiles/htdocs/PBKK-Quiz-2/public/index.php')
ERROR - 2023-11-27 16:54:59 --> Error connecting to the database: mysqli_sql_exception: Unknown database 'ticketmovie' in /Applications/XAMPP/xamppfiles/htdocs/PBKK-Quiz-2/system/Database/MySQLi/Connection.php:184
Stack trace:
#0 /Applications/XAMPP/xamppfiles/htdocs/PBKK-Quiz-2/system/Database/MySQLi/Connection.php(184): mysqli->real_connect(NULL, 'root', Object(SensitiveParameterValue), 'ticketmovie', NULL, '/Applications/X...', 0)
#1 /Applications/XAMPP/xamppfiles/htdocs/PBKK-Quiz-2/system/Database/BaseConnection.php(392): CodeIgniter\Database\MySQLi\Connection->connect(false)
#2 /Applications/XAMPP/xamppfiles/htdocs/PBKK-Quiz-2/system/Database/BaseConnection.php(575): CodeIgniter\Database\BaseConnection->initialize()
#3 /Applications/XAMPP/xamppfiles/htdocs/PBKK-Quiz-2/system/Database/BaseBuilder.php(1615): CodeIgniter\Database\BaseConnection->query('SELECT *\nFROM `...', Array, false)
#4 /Applications/XAMPP/xamppfiles/htdocs/PBKK-Quiz-2/system/Model.php(237): CodeIgniter\Database\BaseBuilder->get()
#5 /Applications/XAMPP/xamppfiles/htdocs/PBKK-Quiz-2/system/BaseModel.php(624): CodeIgniter\Model->doFindAll(0, 0)
#6 /Applications/XAMPP/xamppfiles/htdocs/PBKK-Quiz-2/app/Controllers/Cinema.php(10): CodeIgniter\BaseModel->findAll()
#7 /Applications/XAMPP/xamppfiles/htdocs/PBKK-Quiz-2/system/CodeIgniter.php(942): App\Controllers\Cinema->index()
#8 /Applications/XAMPP/xamppfiles/htdocs/PBKK-Quiz-2/system/CodeIgniter.php(502): CodeIgniter\CodeIgniter->runController(Object(App\Controllers\Cinema))
#9 /Applications/XAMPP/xamppfiles/htdocs/PBKK-Quiz-2/system/CodeIgniter.php(361): CodeIgniter\CodeIgniter->handleRequest(NULL, Object(Config\Cache), false)
#10 /Applications/XAMPP/xamppfiles/htdocs/PBKK-Quiz-2/public/index.php(79): CodeIgniter\CodeIgniter->run()
#11 /Applications/XAMPP/xamppfiles/htdocs/PBKK-Quiz-2/system/Commands/Server/rewrite.php(47): require_once('/Applications/X...')
#12 {main}

Next CodeIgniter\Database\Exceptions\DatabaseException: Unknown database 'ticketmovie' in /Applications/XAMPP/xamppfiles/htdocs/PBKK-Quiz-2/system/Database/MySQLi/Connection.php:229
Stack trace:
#0 /Applications/XAMPP/xamppfiles/htdocs/PBKK-Quiz-2/system/Database/BaseConnection.php(392): CodeIgniter\Database\MySQLi\Connection->connect(false)
#1 /Applications/XAMPP/xamppfiles/htdocs/PBKK-Quiz-2/system/Database/BaseConnection.php(575): CodeIgniter\Database\BaseConnection->initialize()
#2 /Applications/XAMPP/xamppfiles/htdocs/PBKK-Quiz-2/system/Database/BaseBuilder.php(1615): CodeIgniter\Database\BaseConnection->query('SELECT *\nFROM `...', Array, false)
#3 /Applications/XAMPP/xamppfiles/htdocs/PBKK-Quiz-2/system/Model.php(237): CodeIgniter\Database\BaseBuilder->get()
#4 /Applications/XAMPP/xamppfiles/htdocs/PBKK-Quiz-2/system/BaseModel.php(624): CodeIgniter\Model->doFindAll(0, 0)
#5 /Applications/XAMPP/xamppfiles/htdocs/PBKK-Quiz-2/app/Controllers/Cinema.php(10): CodeIgniter\BaseModel->findAll()
#6 /Applications/XAMPP/xamppfiles/htdocs/PBKK-Quiz-2/system/CodeIgniter.php(942): App\Controllers\Cinema->index()
#7 /Applications/XAMPP/xamppfiles/htdocs/PBKK-Quiz-2/system/CodeIgniter.php(502): CodeIgniter\CodeIgniter->runController(Object(App\Controllers\Cinema))
#8 /Applications/XAMPP/xamppfiles/htdocs/PBKK-Quiz-2/system/CodeIgniter.php(361): CodeIgniter\CodeIgniter->handleRequest(NULL, Object(Config\Cache), false)
#9 /Applications/XAMPP/xamppfiles/htdocs/PBKK-Quiz-2/public/index.php(79): CodeIgniter\CodeIgniter->run()
#10 /Applications/XAMPP/xamppfiles/htdocs/PBKK-Quiz-2/system/Commands/Server/rewrite.php(47): require_once('/Applications/X...')
#11 {main}
CRITICAL - 2023-11-27 16:54:59 --> Unable to connect to the database.
Main connection [MySQLi]: Unknown database 'ticketmovie'
in SYSTEMPATH/Database/BaseConnection.php on line 428.
 1 SYSTEMPATH/Database/BaseConnection.php(575): CodeIgniter\Database\BaseConnection->initialize()
 2 SYSTEMPATH/Database/BaseBuilder.php(1615): CodeIgniter\Database\BaseConnection->query('SELECT *
FROM `ListFilm`
ORDER BY `idfilm` DESC', [], false)
 3 SYSTEMPATH/Model.php(237): CodeIgniter\Database\BaseBuilder->get()
 4 SYSTEMPATH/BaseModel.php(624): CodeIgniter\Model->doFindAll(0, 0)
 5 APPPATH/Controllers/Cinema.php(10): CodeIgniter\BaseModel->findAll()
 6 SYSTEMPATH/CodeIgniter.php(942): App\Controllers\Cinema->index()
 7 SYSTEMPATH/CodeIgniter.php(502): CodeIgniter\CodeIgniter->runController(Object(App\Controllers\Cinema))
 8 SYSTEMPATH/CodeIgniter.php(361): CodeIgniter\CodeIgniter->handleRequest(null, Object(Config\Cache), false)
 9 FCPATH/index.php(79): CodeIgniter\CodeIgniter->run()
10 SYSTEMPATH/Commands/Server/rewrite.php(47): require_once('/Applications/XAMPP/xamppfiles/htdocs/PBKK-Quiz-2/public/index.php')
CRITICAL - 2023-11-27 22:44:45 --> Undefined variable $data
in APPPATH/Controllers/Cinema.php on line 26.
 1 APPPATH/Controllers/Cinema.php(26): CodeIgniter\Debug\Exceptions->errorHandler(2, 'Undefined variable $data', '/Applications/XAMPP/xamppfiles/htdocs/PBKK-Quiz-2/app/Controllers/Cinema.php', 26)
 2 SYSTEMPATH/CodeIgniter.php(942): App\Controllers\Cinema->create()
 3 SYSTEMPATH/CodeIgniter.php(502): CodeIgniter\CodeIgniter->runController(Object(App\Controllers\Cinema))
 4 SYSTEMPATH/CodeIgniter.php(361): CodeIgniter\CodeIgniter->handleRequest(null, Object(Config\Cache), false)
 5 FCPATH/index.php(79): CodeIgniter\CodeIgniter->run()
 6 SYSTEMPATH/Commands/Server/rewrite.php(47): require_once('/Applications/XAMPP/xamppfiles/htdocs/PBKK-Quiz-2/public/index.php')
ERROR - 2023-11-27 23:13:01 --> mysqli_sql_exception: Column 'namafilm' cannot be null in /Applications/XAMPP/xamppfiles/htdocs/PBKK-Quiz-2/system/Database/MySQLi/Connection.php:306
Stack trace:
#0 /Applications/XAMPP/xamppfiles/htdocs/PBKK-Quiz-2/system/Database/MySQLi/Connection.php(306): mysqli->query('INSERT INTO `Li...', 0)
#1 /Applications/XAMPP/xamppfiles/htdocs/PBKK-Quiz-2/system/Database/BaseConnection.php(693): CodeIgniter\Database\MySQLi\Connection->execute('INSERT INTO `Li...')
#2 /Applications/XAMPP/xamppfiles/htdocs/PBKK-Quiz-2/system/Database/BaseConnection.php(607): CodeIgniter\Database\BaseConnection->simpleQuery('INSERT INTO `Li...')
#3 /Applications/XAMPP/xamppfiles/htdocs/PBKK-Quiz-2/system/Database/BaseBuilder.php(2308): CodeIgniter\Database\BaseConnection->query('INSERT INTO `Li...', Array, false)
#4 /Applications/XAMPP/xamppfiles/htdocs/PBKK-Quiz-2/system/Model.php(319): CodeIgniter\Database\BaseBuilder->insert()
#5 /Applications/XAMPP/xamppfiles/htdocs/PBKK-Quiz-2/system/BaseModel.php(788): CodeIgniter\Model->doInsert(Array)
#6 /Applications/XAMPP/xamppfiles/htdocs/PBKK-Quiz-2/system/Model.php(715): CodeIgniter\BaseModel->insert(Array, true)
#7 /Applications/XAMPP/xamppfiles/htdocs/PBKK-Quiz-2/app/Controllers/Cinema.php(27): CodeIgniter\Model->insert(Array)
#8 /Applications/XAMPP/xamppfiles/htdocs/PBKK-Quiz-2/system/CodeIgniter.php(942): App\Controllers\Cinema->create()
#9 /Applications/XAMPP/xamppfiles/htdocs/PBKK-Quiz-2/system/CodeIgniter.php(502): CodeIgniter\CodeIgniter->runController(Object(App\Controllers\Cinema))
#10 /Applications/XAMPP/xamppfiles/htdocs/PBKK-Quiz-2/system/CodeIgniter.php(361): CodeIgniter\CodeIgniter->handleRequest(NULL, Object(Config\Cache), false)
#11 /Applications/XAMPP/xamppfiles/htdocs/PBKK-Quiz-2/public/index.php(79): CodeIgniter\CodeIgniter->run()
#12 /Applications/XAMPP/xamppfiles/htdocs/PBKK-Quiz-2/system/Commands/Server/rewrite.php(47): require_once('/Applications/X...')
#13 {main}
CRITICAL - 2023-11-27 23:13:01 --> Column 'namafilm' cannot be null
in SYSTEMPATH/Database/BaseConnection.php on line 647.
 1 SYSTEMPATH/Database/BaseBuilder.php(2308): CodeIgniter\Database\BaseConnection->query('INSERT INTO `ListFilm` (`namafilm`, `poster`, `deskripsi`, `genre`, `durasi`) VALUES (:namafilm:, :poster:, :deskripsi:, :genre:, :durasi:)', [...], false)
 2 SYSTEMPATH/Model.php(319): CodeIgniter\Database\BaseBuilder->insert()
 3 SYSTEMPATH/BaseModel.php(788): CodeIgniter\Model->doInsert([...])
 4 SYSTEMPATH/Model.php(715): CodeIgniter\BaseModel->insert([...], true)
 5 APPPATH/Controllers/Cinema.php(27): CodeIgniter\Model->insert([...])
 6 SYSTEMPATH/CodeIgniter.php(942): App\Controllers\Cinema->create()
 7 SYSTEMPATH/CodeIgniter.php(502): CodeIgniter\CodeIgniter->runController(Object(App\Controllers\Cinema))
 8 SYSTEMPATH/CodeIgniter.php(361): CodeIgniter\CodeIgniter->handleRequest(null, Object(Config\Cache), false)
 9 FCPATH/index.php(79): CodeIgniter\CodeIgniter->run()
10 SYSTEMPATH/Commands/Server/rewrite.php(47): require_once('/Applications/XAMPP/xamppfiles/htdocs/PBKK-Quiz-2/public/index.php')
ERROR - 2023-11-27 23:13:21 --> mysqli_sql_exception: Column 'namafilm' cannot be null in /Applications/XAMPP/xamppfiles/htdocs/PBKK-Quiz-2/system/Database/MySQLi/Connection.php:306
Stack trace:
#0 /Applications/XAMPP/xamppfiles/htdocs/PBKK-Quiz-2/system/Database/MySQLi/Connection.php(306): mysqli->query('INSERT INTO `Li...', 0)
#1 /Applications/XAMPP/xamppfiles/htdocs/PBKK-Quiz-2/system/Database/BaseConnection.php(693): CodeIgniter\Database\MySQLi\Connection->execute('INSERT INTO `Li...')
#2 /Applications/XAMPP/xamppfiles/htdocs/PBKK-Quiz-2/system/Database/BaseConnection.php(607): CodeIgniter\Database\BaseConnection->simpleQuery('INSERT INTO `Li...')
#3 /Applications/XAMPP/xamppfiles/htdocs/PBKK-Quiz-2/system/Database/BaseBuilder.php(2308): CodeIgniter\Database\BaseConnection->query('INSERT INTO `Li...', Array, false)
#4 /Applications/XAMPP/xamppfiles/htdocs/PBKK-Quiz-2/system/Model.php(319): CodeIgniter\Database\BaseBuilder->insert()
#5 /Applications/XAMPP/xamppfiles/htdocs/PBKK-Quiz-2/system/BaseModel.php(788): CodeIgniter\Model->doInsert(Array)
#6 /Applications/XAMPP/xamppfiles/htdocs/PBKK-Quiz-2/system/Model.php(715): CodeIgniter\BaseModel->insert(Array, true)
#7 /Applications/XAMPP/xamppfiles/htdocs/PBKK-Quiz-2/app/Controllers/Cinema.php(27): CodeIgniter\Model->insert(Array)
#8 /Applications/XAMPP/xamppfiles/htdocs/PBKK-Quiz-2/system/CodeIgniter.php(942): App\Controllers\Cinema->create()
#9 /Applications/XAMPP/xamppfiles/htdocs/PBKK-Quiz-2/system/CodeIgniter.php(502): CodeIgniter\CodeIgniter->runController(Object(App\Controllers\Cinema))
#10 /Applications/XAMPP/xamppfiles/htdocs/PBKK-Quiz-2/system/CodeIgniter.php(361): CodeIgniter\CodeIgniter->handleRequest(NULL, Object(Config\Cache), false)
#11 /Applications/XAMPP/xamppfiles/htdocs/PBKK-Quiz-2/public/index.php(79): CodeIgniter\CodeIgniter->run()
#12 /Applications/XAMPP/xamppfiles/htdocs/PBKK-Quiz-2/system/Commands/Server/rewrite.php(47): require_once('/Applications/X...')
#13 {main}
CRITICAL - 2023-11-27 23:13:21 --> Column 'namafilm' cannot be null
in SYSTEMPATH/Database/BaseConnection.php on line 647.
 1 SYSTEMPATH/Database/BaseBuilder.php(2308): CodeIgniter\Database\BaseConnection->query('INSERT INTO `ListFilm` (`namafilm`, `poster`, `deskripsi`, `genre`, `durasi`) VALUES (:namafilm:, :poster:, :deskripsi:, :genre:, :durasi:)', [...], false)
 2 SYSTEMPATH/Model.php(319): CodeIgniter\Database\BaseBuilder->insert()
 3 SYSTEMPATH/BaseModel.php(788): CodeIgniter\Model->doInsert([...])
 4 SYSTEMPATH/Model.php(715): CodeIgniter\BaseModel->insert([...], true)
 5 APPPATH/Controllers/Cinema.php(27): CodeIgniter\Model->insert([...])
 6 SYSTEMPATH/CodeIgniter.php(942): App\Controllers\Cinema->create()
 7 SYSTEMPATH/CodeIgniter.php(502): CodeIgniter\CodeIgniter->runController(Object(App\Controllers\Cinema))
 8 SYSTEMPATH/CodeIgniter.php(361): CodeIgniter\CodeIgniter->handleRequest(null, Object(Config\Cache), false)
 9 FCPATH/index.php(79): CodeIgniter\CodeIgniter->run()
10 SYSTEMPATH/Commands/Server/rewrite.php(47): require_once('/Applications/XAMPP/xamppfiles/htdocs/PBKK-Quiz-2/public/index.php')
ERROR - 2023-11-27 23:13:22 --> mysqli_sql_exception: Column 'namafilm' cannot be null in /Applications/XAMPP/xamppfiles/htdocs/PBKK-Quiz-2/system/Database/MySQLi/Connection.php:306
Stack trace:
#0 /Applications/XAMPP/xamppfiles/htdocs/PBKK-Quiz-2/system/Database/MySQLi/Connection.php(306): mysqli->query('INSERT INTO `Li...', 0)
#1 /Applications/XAMPP/xamppfiles/htdocs/PBKK-Quiz-2/system/Database/BaseConnection.php(693): CodeIgniter\Database\MySQLi\Connection->execute('INSERT INTO `Li...')
#2 /Applications/XAMPP/xamppfiles/htdocs/PBKK-Quiz-2/system/Database/BaseConnection.php(607): CodeIgniter\Database\BaseConnection->simpleQuery('INSERT INTO `Li...')
#3 /Applications/XAMPP/xamppfiles/htdocs/PBKK-Quiz-2/system/Database/BaseBuilder.php(2308): CodeIgniter\Database\BaseConnection->query('INSERT INTO `Li...', Array, false)
#4 /Applications/XAMPP/xamppfiles/htdocs/PBKK-Quiz-2/system/Model.php(319): CodeIgniter\Database\BaseBuilder->insert()
#5 /Applications/XAMPP/xamppfiles/htdocs/PBKK-Quiz-2/system/BaseModel.php(788): CodeIgniter\Model->doInsert(Array)
#6 /Applications/XAMPP/xamppfiles/htdocs/PBKK-Quiz-2/system/Model.php(715): CodeIgniter\BaseModel->insert(Array, true)
#7 /Applications/XAMPP/xamppfiles/htdocs/PBKK-Quiz-2/app/Controllers/Cinema.php(27): CodeIgniter\Model->insert(Array)
#8 /Applications/XAMPP/xamppfiles/htdocs/PBKK-Quiz-2/system/CodeIgniter.php(942): App\Controllers\Cinema->create()
#9 /Applications/XAMPP/xamppfiles/htdocs/PBKK-Quiz-2/system/CodeIgniter.php(502): CodeIgniter\CodeIgniter->runController(Object(App\Controllers\Cinema))
#10 /Applications/XAMPP/xamppfiles/htdocs/PBKK-Quiz-2/system/CodeIgniter.php(361): CodeIgniter\CodeIgniter->handleRequest(NULL, Object(Config\Cache), false)
#11 /Applications/XAMPP/xamppfiles/htdocs/PBKK-Quiz-2/public/index.php(79): CodeIgniter\CodeIgniter->run()
#12 /Applications/XAMPP/xamppfiles/htdocs/PBKK-Quiz-2/system/Commands/Server/rewrite.php(47): require_once('/Applications/X...')
#13 {main}
CRITICAL - 2023-11-27 23:13:22 --> Column 'namafilm' cannot be null
in SYSTEMPATH/Database/BaseConnection.php on line 647.
 1 SYSTEMPATH/Database/BaseBuilder.php(2308): CodeIgniter\Database\BaseConnection->query('INSERT INTO `ListFilm` (`namafilm`, `poster`, `deskripsi`, `genre`, `durasi`) VALUES (:namafilm:, :poster:, :deskripsi:, :genre:, :durasi:)', [...], false)
 2 SYSTEMPATH/Model.php(319): CodeIgniter\Database\BaseBuilder->insert()
 3 SYSTEMPATH/BaseModel.php(788): CodeIgniter\Model->doInsert([...])
 4 SYSTEMPATH/Model.php(715): CodeIgniter\BaseModel->insert([...], true)
 5 APPPATH/Controllers/Cinema.php(27): CodeIgniter\Model->insert([...])
 6 SYSTEMPATH/CodeIgniter.php(942): App\Controllers\Cinema->create()
 7 SYSTEMPATH/CodeIgniter.php(502): CodeIgniter\CodeIgniter->runController(Object(App\Controllers\Cinema))
 8 SYSTEMPATH/CodeIgniter.php(361): CodeIgniter\CodeIgniter->handleRequest(null, Object(Config\Cache), false)
 9 FCPATH/index.php(79): CodeIgniter\CodeIgniter->run()
10 SYSTEMPATH/Commands/Server/rewrite.php(47): require_once('/Applications/XAMPP/xamppfiles/htdocs/PBKK-Quiz-2/public/index.php')
ERROR - 2023-11-27 23:13:22 --> mysqli_sql_exception: Column 'namafilm' cannot be null in /Applications/XAMPP/xamppfiles/htdocs/PBKK-Quiz-2/system/Database/MySQLi/Connection.php:306
Stack trace:
#0 /Applications/XAMPP/xamppfiles/htdocs/PBKK-Quiz-2/system/Database/MySQLi/Connection.php(306): mysqli->query('INSERT INTO `Li...', 0)
#1 /Applications/XAMPP/xamppfiles/htdocs/PBKK-Quiz-2/system/Database/BaseConnection.php(693): CodeIgniter\Database\MySQLi\Connection->execute('INSERT INTO `Li...')
#2 /Applications/XAMPP/xamppfiles/htdocs/PBKK-Quiz-2/system/Database/BaseConnection.php(607): CodeIgniter\Database\BaseConnection->simpleQuery('INSERT INTO `Li...')
#3 /Applications/XAMPP/xamppfiles/htdocs/PBKK-Quiz-2/system/Database/BaseBuilder.php(2308): CodeIgniter\Database\BaseConnection->query('INSERT INTO `Li...', Array, false)
#4 /Applications/XAMPP/xamppfiles/htdocs/PBKK-Quiz-2/system/Model.php(319): CodeIgniter\Database\BaseBuilder->insert()
#5 /Applications/XAMPP/xamppfiles/htdocs/PBKK-Quiz-2/system/BaseModel.php(788): CodeIgniter\Model->doInsert(Array)
#6 /Applications/XAMPP/xamppfiles/htdocs/PBKK-Quiz-2/system/Model.php(715): CodeIgniter\BaseModel->insert(Array, true)
#7 /Applications/XAMPP/xamppfiles/htdocs/PBKK-Quiz-2/app/Controllers/Cinema.php(27): CodeIgniter\Model->insert(Array)
#8 /Applications/XAMPP/xamppfiles/htdocs/PBKK-Quiz-2/system/CodeIgniter.php(942): App\Controllers\Cinema->create()
#9 /Applications/XAMPP/xamppfiles/htdocs/PBKK-Quiz-2/system/CodeIgniter.php(502): CodeIgniter\CodeIgniter->runController(Object(App\Controllers\Cinema))
#10 /Applications/XAMPP/xamppfiles/htdocs/PBKK-Quiz-2/system/CodeIgniter.php(361): CodeIgniter\CodeIgniter->handleRequest(NULL, Object(Config\Cache), false)
#11 /Applications/XAMPP/xamppfiles/htdocs/PBKK-Quiz-2/public/index.php(79): CodeIgniter\CodeIgniter->run()
#12 /Applications/XAMPP/xamppfiles/htdocs/PBKK-Quiz-2/system/Commands/Server/rewrite.php(47): require_once('/Applications/X...')
#13 {main}
CRITICAL - 2023-11-27 23:13:22 --> Column 'namafilm' cannot be null
in SYSTEMPATH/Database/BaseConnection.php on line 647.
 1 SYSTEMPATH/Database/BaseBuilder.php(2308): CodeIgniter\Database\BaseConnection->query('INSERT INTO `ListFilm` (`namafilm`, `poster`, `deskripsi`, `genre`, `durasi`) VALUES (:namafilm:, :poster:, :deskripsi:, :genre:, :durasi:)', [...], false)
 2 SYSTEMPATH/Model.php(319): CodeIgniter\Database\BaseBuilder->insert()
 3 SYSTEMPATH/BaseModel.php(788): CodeIgniter\Model->doInsert([...])
 4 SYSTEMPATH/Model.php(715): CodeIgniter\BaseModel->insert([...], true)
 5 APPPATH/Controllers/Cinema.php(27): CodeIgniter\Model->insert([...])
 6 SYSTEMPATH/CodeIgniter.php(942): App\Controllers\Cinema->create()
 7 SYSTEMPATH/CodeIgniter.php(502): CodeIgniter\CodeIgniter->runController(Object(App\Controllers\Cinema))
 8 SYSTEMPATH/CodeIgniter.php(361): CodeIgniter\CodeIgniter->handleRequest(null, Object(Config\Cache), false)
 9 FCPATH/index.php(79): CodeIgniter\CodeIgniter->run()
10 SYSTEMPATH/Commands/Server/rewrite.php(47): require_once('/Applications/XAMPP/xamppfiles/htdocs/PBKK-Quiz-2/public/index.php')
ERROR - 2023-11-27 23:13:22 --> mysqli_sql_exception: Column 'namafilm' cannot be null in /Applications/XAMPP/xamppfiles/htdocs/PBKK-Quiz-2/system/Database/MySQLi/Connection.php:306
Stack trace:
#0 /Applications/XAMPP/xamppfiles/htdocs/PBKK-Quiz-2/system/Database/MySQLi/Connection.php(306): mysqli->query('INSERT INTO `Li...', 0)
#1 /Applications/XAMPP/xamppfiles/htdocs/PBKK-Quiz-2/system/Database/BaseConnection.php(693): CodeIgniter\Database\MySQLi\Connection->execute('INSERT INTO `Li...')
#2 /Applications/XAMPP/xamppfiles/htdocs/PBKK-Quiz-2/system/Database/BaseConnection.php(607): CodeIgniter\Database\BaseConnection->simpleQuery('INSERT INTO `Li...')
#3 /Applications/XAMPP/xamppfiles/htdocs/PBKK-Quiz-2/system/Database/BaseBuilder.php(2308): CodeIgniter\Database\BaseConnection->query('INSERT INTO `Li...', Array, false)
#4 /Applications/XAMPP/xamppfiles/htdocs/PBKK-Quiz-2/system/Model.php(319): CodeIgniter\Database\BaseBuilder->insert()
#5 /Applications/XAMPP/xamppfiles/htdocs/PBKK-Quiz-2/system/BaseModel.php(788): CodeIgniter\Model->doInsert(Array)
#6 /Applications/XAMPP/xamppfiles/htdocs/PBKK-Quiz-2/system/Model.php(715): CodeIgniter\BaseModel->insert(Array, true)
#7 /Applications/XAMPP/xamppfiles/htdocs/PBKK-Quiz-2/app/Controllers/Cinema.php(27): CodeIgniter\Model->insert(Array)
#8 /Applications/XAMPP/xamppfiles/htdocs/PBKK-Quiz-2/system/CodeIgniter.php(942): App\Controllers\Cinema->create()
#9 /Applications/XAMPP/xamppfiles/htdocs/PBKK-Quiz-2/system/CodeIgniter.php(502): CodeIgniter\CodeIgniter->runController(Object(App\Controllers\Cinema))
#10 /Applications/XAMPP/xamppfiles/htdocs/PBKK-Quiz-2/system/CodeIgniter.php(361): CodeIgniter\CodeIgniter->handleRequest(NULL, Object(Config\Cache), false)
#11 /Applications/XAMPP/xamppfiles/htdocs/PBKK-Quiz-2/public/index.php(79): CodeIgniter\CodeIgniter->run()
#12 /Applications/XAMPP/xamppfiles/htdocs/PBKK-Quiz-2/system/Commands/Server/rewrite.php(47): require_once('/Applications/X...')
#13 {main}
CRITICAL - 2023-11-27 23:13:22 --> Column 'namafilm' cannot be null
in SYSTEMPATH/Database/BaseConnection.php on line 647.
 1 SYSTEMPATH/Database/BaseBuilder.php(2308): CodeIgniter\Database\BaseConnection->query('INSERT INTO `ListFilm` (`namafilm`, `poster`, `deskripsi`, `genre`, `durasi`) VALUES (:namafilm:, :poster:, :deskripsi:, :genre:, :durasi:)', [...], false)
 2 SYSTEMPATH/Model.php(319): CodeIgniter\Database\BaseBuilder->insert()
 3 SYSTEMPATH/BaseModel.php(788): CodeIgniter\Model->doInsert([...])
 4 SYSTEMPATH/Model.php(715): CodeIgniter\BaseModel->insert([...], true)
 5 APPPATH/Controllers/Cinema.php(27): CodeIgniter\Model->insert([...])
 6 SYSTEMPATH/CodeIgniter.php(942): App\Controllers\Cinema->create()
 7 SYSTEMPATH/CodeIgniter.php(502): CodeIgniter\CodeIgniter->runController(Object(App\Controllers\Cinema))
 8 SYSTEMPATH/CodeIgniter.php(361): CodeIgniter\CodeIgniter->handleRequest(null, Object(Config\Cache), false)
 9 FCPATH/index.php(79): CodeIgniter\CodeIgniter->run()
10 SYSTEMPATH/Commands/Server/rewrite.php(47): require_once('/Applications/XAMPP/xamppfiles/htdocs/PBKK-Quiz-2/public/index.php')
ERROR - 2023-11-27 23:13:24 --> mysqli_sql_exception: Column 'namafilm' cannot be null in /Applications/XAMPP/xamppfiles/htdocs/PBKK-Quiz-2/system/Database/MySQLi/Connection.php:306
Stack trace:
#0 /Applications/XAMPP/xamppfiles/htdocs/PBKK-Quiz-2/system/Database/MySQLi/Connection.php(306): mysqli->query('INSERT INTO `Li...', 0)
#1 /Applications/XAMPP/xamppfiles/htdocs/PBKK-Quiz-2/system/Database/BaseConnection.php(693): CodeIgniter\Database\MySQLi\Connection->execute('INSERT INTO `Li...')
#2 /Applications/XAMPP/xamppfiles/htdocs/PBKK-Quiz-2/system/Database/BaseConnection.php(607): CodeIgniter\Database\BaseConnection->simpleQuery('INSERT INTO `Li...')
#3 /Applications/XAMPP/xamppfiles/htdocs/PBKK-Quiz-2/system/Database/BaseBuilder.php(2308): CodeIgniter\Database\BaseConnection->query('INSERT INTO `Li...', Array, false)
#4 /Applications/XAMPP/xamppfiles/htdocs/PBKK-Quiz-2/system/Model.php(319): CodeIgniter\Database\BaseBuilder->insert()
#5 /Applications/XAMPP/xamppfiles/htdocs/PBKK-Quiz-2/system/BaseModel.php(788): CodeIgniter\Model->doInsert(Array)
#6 /Applications/XAMPP/xamppfiles/htdocs/PBKK-Quiz-2/system/Model.php(715): CodeIgniter\BaseModel->insert(Array, true)
#7 /Applications/XAMPP/xamppfiles/htdocs/PBKK-Quiz-2/app/Controllers/Cinema.php(27): CodeIgniter\Model->insert(Array)
#8 /Applications/XAMPP/xamppfiles/htdocs/PBKK-Quiz-2/system/CodeIgniter.php(942): App\Controllers\Cinema->create()
#9 /Applications/XAMPP/xamppfiles/htdocs/PBKK-Quiz-2/system/CodeIgniter.php(502): CodeIgniter\CodeIgniter->runController(Object(App\Controllers\Cinema))
#10 /Applications/XAMPP/xamppfiles/htdocs/PBKK-Quiz-2/system/CodeIgniter.php(361): CodeIgniter\CodeIgniter->handleRequest(NULL, Object(Config\Cache), false)
#11 /Applications/XAMPP/xamppfiles/htdocs/PBKK-Quiz-2/public/index.php(79): CodeIgniter\CodeIgniter->run()
#12 /Applications/XAMPP/xamppfiles/htdocs/PBKK-Quiz-2/system/Commands/Server/rewrite.php(47): require_once('/Applications/X...')
#13 {main}
CRITICAL - 2023-11-27 23:13:24 --> Column 'namafilm' cannot be null
in SYSTEMPATH/Database/BaseConnection.php on line 647.
 1 SYSTEMPATH/Database/BaseBuilder.php(2308): CodeIgniter\Database\BaseConnection->query('INSERT INTO `ListFilm` (`namafilm`, `poster`, `deskripsi`, `genre`, `durasi`) VALUES (:namafilm:, :poster:, :deskripsi:, :genre:, :durasi:)', [...], false)
 2 SYSTEMPATH/Model.php(319): CodeIgniter\Database\BaseBuilder->insert()
 3 SYSTEMPATH/BaseModel.php(788): CodeIgniter\Model->doInsert([...])
 4 SYSTEMPATH/Model.php(715): CodeIgniter\BaseModel->insert([...], true)
 5 APPPATH/Controllers/Cinema.php(27): CodeIgniter\Model->insert([...])
 6 SYSTEMPATH/CodeIgniter.php(942): App\Controllers\Cinema->create()
 7 SYSTEMPATH/CodeIgniter.php(502): CodeIgniter\CodeIgniter->runController(Object(App\Controllers\Cinema))
 8 SYSTEMPATH/CodeIgniter.php(361): CodeIgniter\CodeIgniter->handleRequest(null, Object(Config\Cache), false)
 9 FCPATH/index.php(79): CodeIgniter\CodeIgniter->run()
10 SYSTEMPATH/Commands/Server/rewrite.php(47): require_once('/Applications/XAMPP/xamppfiles/htdocs/PBKK-Quiz-2/public/index.php')
ERROR - 2023-11-27 23:13:24 --> mysqli_sql_exception: Column 'namafilm' cannot be null in /Applications/XAMPP/xamppfiles/htdocs/PBKK-Quiz-2/system/Database/MySQLi/Connection.php:306
Stack trace:
#0 /Applications/XAMPP/xamppfiles/htdocs/PBKK-Quiz-2/system/Database/MySQLi/Connection.php(306): mysqli->query('INSERT INTO `Li...', 0)
#1 /Applications/XAMPP/xamppfiles/htdocs/PBKK-Quiz-2/system/Database/BaseConnection.php(693): CodeIgniter\Database\MySQLi\Connection->execute('INSERT INTO `Li...')
#2 /Applications/XAMPP/xamppfiles/htdocs/PBKK-Quiz-2/system/Database/BaseConnection.php(607): CodeIgniter\Database\BaseConnection->simpleQuery('INSERT INTO `Li...')
#3 /Applications/XAMPP/xamppfiles/htdocs/PBKK-Quiz-2/system/Database/BaseBuilder.php(2308): CodeIgniter\Database\BaseConnection->query('INSERT INTO `Li...', Array, false)
#4 /Applications/XAMPP/xamppfiles/htdocs/PBKK-Quiz-2/system/Model.php(319): CodeIgniter\Database\BaseBuilder->insert()
#5 /Applications/XAMPP/xamppfiles/htdocs/PBKK-Quiz-2/system/BaseModel.php(788): CodeIgniter\Model->doInsert(Array)
#6 /Applications/XAMPP/xamppfiles/htdocs/PBKK-Quiz-2/system/Model.php(715): CodeIgniter\BaseModel->insert(Array, true)
#7 /Applications/XAMPP/xamppfiles/htdocs/PBKK-Quiz-2/app/Controllers/Cinema.php(27): CodeIgniter\Model->insert(Array)
#8 /Applications/XAMPP/xamppfiles/htdocs/PBKK-Quiz-2/system/CodeIgniter.php(942): App\Controllers\Cinema->create()
#9 /Applications/XAMPP/xamppfiles/htdocs/PBKK-Quiz-2/system/CodeIgniter.php(502): CodeIgniter\CodeIgniter->runController(Object(App\Controllers\Cinema))
#10 /Applications/XAMPP/xamppfiles/htdocs/PBKK-Quiz-2/system/CodeIgniter.php(361): CodeIgniter\CodeIgniter->handleRequest(NULL, Object(Config\Cache), false)
#11 /Applications/XAMPP/xamppfiles/htdocs/PBKK-Quiz-2/public/index.php(79): CodeIgniter\CodeIgniter->run()
#12 /Applications/XAMPP/xamppfiles/htdocs/PBKK-Quiz-2/system/Commands/Server/rewrite.php(47): require_once('/Applications/X...')
#13 {main}
CRITICAL - 2023-11-27 23:13:24 --> Column 'namafilm' cannot be null
in SYSTEMPATH/Database/BaseConnection.php on line 647.
 1 SYSTEMPATH/Database/BaseBuilder.php(2308): CodeIgniter\Database\BaseConnection->query('INSERT INTO `ListFilm` (`namafilm`, `poster`, `deskripsi`, `genre`, `durasi`) VALUES (:namafilm:, :poster:, :deskripsi:, :genre:, :durasi:)', [...], false)
 2 SYSTEMPATH/Model.php(319): CodeIgniter\Database\BaseBuilder->insert()
 3 SYSTEMPATH/BaseModel.php(788): CodeIgniter\Model->doInsert([...])
 4 SYSTEMPATH/Model.php(715): CodeIgniter\BaseModel->insert([...], true)
 5 APPPATH/Controllers/Cinema.php(27): CodeIgniter\Model->insert([...])
 6 SYSTEMPATH/CodeIgniter.php(942): App\Controllers\Cinema->create()
 7 SYSTEMPATH/CodeIgniter.php(502): CodeIgniter\CodeIgniter->runController(Object(App\Controllers\Cinema))
 8 SYSTEMPATH/CodeIgniter.php(361): CodeIgniter\CodeIgniter->handleRequest(null, Object(Config\Cache), false)
 9 FCPATH/index.php(79): CodeIgniter\CodeIgniter->run()
10 SYSTEMPATH/Commands/Server/rewrite.php(47): require_once('/Applications/XAMPP/xamppfiles/htdocs/PBKK-Quiz-2/public/index.php')
ERROR - 2023-11-27 23:13:25 --> mysqli_sql_exception: Column 'namafilm' cannot be null in /Applications/XAMPP/xamppfiles/htdocs/PBKK-Quiz-2/system/Database/MySQLi/Connection.php:306
Stack trace:
#0 /Applications/XAMPP/xamppfiles/htdocs/PBKK-Quiz-2/system/Database/MySQLi/Connection.php(306): mysqli->query('INSERT INTO `Li...', 0)
#1 /Applications/XAMPP/xamppfiles/htdocs/PBKK-Quiz-2/system/Database/BaseConnection.php(693): CodeIgniter\Database\MySQLi\Connection->execute('INSERT INTO `Li...')
#2 /Applications/XAMPP/xamppfiles/htdocs/PBKK-Quiz-2/system/Database/BaseConnection.php(607): CodeIgniter\Database\BaseConnection->simpleQuery('INSERT INTO `Li...')
#3 /Applications/XAMPP/xamppfiles/htdocs/PBKK-Quiz-2/system/Database/BaseBuilder.php(2308): CodeIgniter\Database\BaseConnection->query('INSERT INTO `Li...', Array, false)
#4 /Applications/XAMPP/xamppfiles/htdocs/PBKK-Quiz-2/system/Model.php(319): CodeIgniter\Database\BaseBuilder->insert()
#5 /Applications/XAMPP/xamppfiles/htdocs/PBKK-Quiz-2/system/BaseModel.php(788): CodeIgniter\Model->doInsert(Array)
#6 /Applications/XAMPP/xamppfiles/htdocs/PBKK-Quiz-2/system/Model.php(715): CodeIgniter\BaseModel->insert(Array, true)
#7 /Applications/XAMPP/xamppfiles/htdocs/PBKK-Quiz-2/app/Controllers/Cinema.php(27): CodeIgniter\Model->insert(Array)
#8 /Applications/XAMPP/xamppfiles/htdocs/PBKK-Quiz-2/system/CodeIgniter.php(942): App\Controllers\Cinema->create()
#9 /Applications/XAMPP/xamppfiles/htdocs/PBKK-Quiz-2/system/CodeIgniter.php(502): CodeIgniter\CodeIgniter->runController(Object(App\Controllers\Cinema))
#10 /Applications/XAMPP/xamppfiles/htdocs/PBKK-Quiz-2/system/CodeIgniter.php(361): CodeIgniter\CodeIgniter->handleRequest(NULL, Object(Config\Cache), false)
#11 /Applications/XAMPP/xamppfiles/htdocs/PBKK-Quiz-2/public/index.php(79): CodeIgniter\CodeIgniter->run()
#12 /Applications/XAMPP/xamppfiles/htdocs/PBKK-Quiz-2/system/Commands/Server/rewrite.php(47): require_once('/Applications/X...')
#13 {main}
CRITICAL - 2023-11-27 23:13:25 --> Column 'namafilm' cannot be null
in SYSTEMPATH/Database/BaseConnection.php on line 647.
 1 SYSTEMPATH/Database/BaseBuilder.php(2308): CodeIgniter\Database\BaseConnection->query('INSERT INTO `ListFilm` (`namafilm`, `poster`, `deskripsi`, `genre`, `durasi`) VALUES (:namafilm:, :poster:, :deskripsi:, :genre:, :durasi:)', [...], false)
 2 SYSTEMPATH/Model.php(319): CodeIgniter\Database\BaseBuilder->insert()
 3 SYSTEMPATH/BaseModel.php(788): CodeIgniter\Model->doInsert([...])
 4 SYSTEMPATH/Model.php(715): CodeIgniter\BaseModel->insert([...], true)
 5 APPPATH/Controllers/Cinema.php(27): CodeIgniter\Model->insert([...])
 6 SYSTEMPATH/CodeIgniter.php(942): App\Controllers\Cinema->create()
 7 SYSTEMPATH/CodeIgniter.php(502): CodeIgniter\CodeIgniter->runController(Object(App\Controllers\Cinema))
 8 SYSTEMPATH/CodeIgniter.php(361): CodeIgniter\CodeIgniter->handleRequest(null, Object(Config\Cache), false)
 9 FCPATH/index.php(79): CodeIgniter\CodeIgniter->run()
10 SYSTEMPATH/Commands/Server/rewrite.php(47): require_once('/Applications/XAMPP/xamppfiles/htdocs/PBKK-Quiz-2/public/index.php')
ERROR - 2023-11-27 23:13:25 --> mysqli_sql_exception: Column 'namafilm' cannot be null in /Applications/XAMPP/xamppfiles/htdocs/PBKK-Quiz-2/system/Database/MySQLi/Connection.php:306
Stack trace:
#0 /Applications/XAMPP/xamppfiles/htdocs/PBKK-Quiz-2/system/Database/MySQLi/Connection.php(306): mysqli->query('INSERT INTO `Li...', 0)
#1 /Applications/XAMPP/xamppfiles/htdocs/PBKK-Quiz-2/system/Database/BaseConnection.php(693): CodeIgniter\Database\MySQLi\Connection->execute('INSERT INTO `Li...')
#2 /Applications/XAMPP/xamppfiles/htdocs/PBKK-Quiz-2/system/Database/BaseConnection.php(607): CodeIgniter\Database\BaseConnection->simpleQuery('INSERT INTO `Li...')
#3 /Applications/XAMPP/xamppfiles/htdocs/PBKK-Quiz-2/system/Database/BaseBuilder.php(2308): CodeIgniter\Database\BaseConnection->query('INSERT INTO `Li...', Array, false)
#4 /Applications/XAMPP/xamppfiles/htdocs/PBKK-Quiz-2/system/Model.php(319): CodeIgniter\Database\BaseBuilder->insert()
#5 /Applications/XAMPP/xamppfiles/htdocs/PBKK-Quiz-2/system/BaseModel.php(788): CodeIgniter\Model->doInsert(Array)
#6 /Applications/XAMPP/xamppfiles/htdocs/PBKK-Quiz-2/system/Model.php(715): CodeIgniter\BaseModel->insert(Array, true)
#7 /Applications/XAMPP/xamppfiles/htdocs/PBKK-Quiz-2/app/Controllers/Cinema.php(27): CodeIgniter\Model->insert(Array)
#8 /Applications/XAMPP/xamppfiles/htdocs/PBKK-Quiz-2/system/CodeIgniter.php(942): App\Controllers\Cinema->create()
#9 /Applications/XAMPP/xamppfiles/htdocs/PBKK-Quiz-2/system/CodeIgniter.php(502): CodeIgniter\CodeIgniter->runController(Object(App\Controllers\Cinema))
#10 /Applications/XAMPP/xamppfiles/htdocs/PBKK-Quiz-2/system/CodeIgniter.php(361): CodeIgniter\CodeIgniter->handleRequest(NULL, Object(Config\Cache), false)
#11 /Applications/XAMPP/xamppfiles/htdocs/PBKK-Quiz-2/public/index.php(79): CodeIgniter\CodeIgniter->run()
#12 /Applications/XAMPP/xamppfiles/htdocs/PBKK-Quiz-2/system/Commands/Server/rewrite.php(47): require_once('/Applications/X...')
#13 {main}
CRITICAL - 2023-11-27 23:13:25 --> Column 'namafilm' cannot be null
in SYSTEMPATH/Database/BaseConnection.php on line 647.
 1 SYSTEMPATH/Database/BaseBuilder.php(2308): CodeIgniter\Database\BaseConnection->query('INSERT INTO `ListFilm` (`namafilm`, `poster`, `deskripsi`, `genre`, `durasi`) VALUES (:namafilm:, :poster:, :deskripsi:, :genre:, :durasi:)', [...], false)
 2 SYSTEMPATH/Model.php(319): CodeIgniter\Database\BaseBuilder->insert()
 3 SYSTEMPATH/BaseModel.php(788): CodeIgniter\Model->doInsert([...])
 4 SYSTEMPATH/Model.php(715): CodeIgniter\BaseModel->insert([...], true)
 5 APPPATH/Controllers/Cinema.php(27): CodeIgniter\Model->insert([...])
 6 SYSTEMPATH/CodeIgniter.php(942): App\Controllers\Cinema->create()
 7 SYSTEMPATH/CodeIgniter.php(502): CodeIgniter\CodeIgniter->runController(Object(App\Controllers\Cinema))
 8 SYSTEMPATH/CodeIgniter.php(361): CodeIgniter\CodeIgniter->handleRequest(null, Object(Config\Cache), false)
 9 FCPATH/index.php(79): CodeIgniter\CodeIgniter->run()
10 SYSTEMPATH/Commands/Server/rewrite.php(47): require_once('/Applications/XAMPP/xamppfiles/htdocs/PBKK-Quiz-2/public/index.php')
ERROR - 2023-11-27 23:44:25 --> mysqli_sql_exception: Column 'poster' cannot be null in /Applications/XAMPP/xamppfiles/htdocs/PBKK-Quiz-2/system/Database/MySQLi/Connection.php:306
Stack trace:
#0 /Applications/XAMPP/xamppfiles/htdocs/PBKK-Quiz-2/system/Database/MySQLi/Connection.php(306): mysqli->query('INSERT INTO `Li...', 0)
#1 /Applications/XAMPP/xamppfiles/htdocs/PBKK-Quiz-2/system/Database/BaseConnection.php(693): CodeIgniter\Database\MySQLi\Connection->execute('INSERT INTO `Li...')
#2 /Applications/XAMPP/xamppfiles/htdocs/PBKK-Quiz-2/system/Database/BaseConnection.php(607): CodeIgniter\Database\BaseConnection->simpleQuery('INSERT INTO `Li...')
#3 /Applications/XAMPP/xamppfiles/htdocs/PBKK-Quiz-2/system/Database/BaseBuilder.php(2308): CodeIgniter\Database\BaseConnection->query('INSERT INTO `Li...', Array, false)
#4 /Applications/XAMPP/xamppfiles/htdocs/PBKK-Quiz-2/app/Models/ListFilmModel.php(16): CodeIgniter\Database\BaseBuilder->insert(Array)
#5 /Applications/XAMPP/xamppfiles/htdocs/PBKK-Quiz-2/app/Controllers/Cinema.php(42): App\Models\ListFilmModel->saveFilm(Array)
#6 /Applications/XAMPP/xamppfiles/htdocs/PBKK-Quiz-2/system/CodeIgniter.php(942): App\Controllers\Cinema->add()
#7 /Applications/XAMPP/xamppfiles/htdocs/PBKK-Quiz-2/system/CodeIgniter.php(502): CodeIgniter\CodeIgniter->runController(Object(App\Controllers\Cinema))
#8 /Applications/XAMPP/xamppfiles/htdocs/PBKK-Quiz-2/system/CodeIgniter.php(361): CodeIgniter\CodeIgniter->handleRequest(NULL, Object(Config\Cache), false)
#9 /Applications/XAMPP/xamppfiles/htdocs/PBKK-Quiz-2/public/index.php(79): CodeIgniter\CodeIgniter->run()
#10 /Applications/XAMPP/xamppfiles/htdocs/PBKK-Quiz-2/system/Commands/Server/rewrite.php(47): require_once('/Applications/X...')
#11 {main}
CRITICAL - 2023-11-27 23:44:25 --> Column 'poster' cannot be null
in SYSTEMPATH/Database/BaseConnection.php on line 647.
 1 SYSTEMPATH/Database/BaseBuilder.php(2308): CodeIgniter\Database\BaseConnection->query('INSERT INTO `ListFilm` (`namafilm`, `poster`, `deskripsi`, `genre`, `durasi`) VALUES (:namafilm:, :poster:, :deskripsi:, :genre:, :durasi:)', [...], false)
 2 APPPATH/Models/ListFilmModel.php(16): CodeIgniter\Database\BaseBuilder->insert([...])
 3 APPPATH/Controllers/Cinema.php(42): App\Models\ListFilmModel->saveFilm([...])
 4 SYSTEMPATH/CodeIgniter.php(942): App\Controllers\Cinema->add()
 5 SYSTEMPATH/CodeIgniter.php(502): CodeIgniter\CodeIgniter->runController(Object(App\Controllers\Cinema))
 6 SYSTEMPATH/CodeIgniter.php(361): CodeIgniter\CodeIgniter->handleRequest(null, Object(Config\Cache), false)
 7 FCPATH/index.php(79): CodeIgniter\CodeIgniter->run()
 8 SYSTEMPATH/Commands/Server/rewrite.php(47): require_once('/Applications/XAMPP/xamppfiles/htdocs/PBKK-Quiz-2/public/index.php')
